<?xml version="1.0" encoding="UTF-8"?>
<testsuite name="fontys.metarate.business.genre.GenreConverterTest" tests="1" skipped="0" failures="0" errors="0" timestamp="2023-06-18T21:10:47" hostname="DESKTOP-MDH7F45" time="0.001">
  <properties/>
  <testcase name="testConvert()" classname="fontys.metarate.business.genre.GenreConverterTest" time="0.001"/>
  <system-out><![CDATA[]]></system-out>
  <system-err><![CDATA[]]></system-err>
</testsuite>
