<?xml version="1.0" encoding="UTF-8"?>
<testsuite name="fontys.metarate.business.game.GetGameUseCaseTest" tests="2" skipped="0" failures="0" errors="0" timestamp="2023-06-18T21:10:47" hostname="DESKTOP-MDH7F45" time="0.004">
  <properties/>
  <testcase name="getGame_shouldThrowExceptionIfGameNotFound()" classname="fontys.metarate.business.game.GetGameUseCaseTest" time="0.002"/>
  <testcase name="getGame_shouldReturnGameIfExists()" classname="fontys.metarate.business.game.GetGameUseCaseTest" time="0.002"/>
  <system-out><![CDATA[]]></system-out>
  <system-err><![CDATA[]]></system-err>
</testsuite>
