<?xml version="1.0" encoding="UTF-8"?>
<testsuite name="fontys.metarate.business.game.UpdateGameUseCaseTest" tests="2" skipped="0" failures="0" errors="0" timestamp="2023-06-18T21:10:47" hostname="DESKTOP-MDH7F45" time="0.005">
  <properties/>
  <testcase name="updateGame_shouldUpdateGameIfFound()" classname="fontys.metarate.business.game.UpdateGameUseCaseTest" time="0.003"/>
  <testcase name="updateGame_shouldThrowGameNotFoundExceptionIfGameNotFound()" classname="fontys.metarate.business.game.UpdateGameUseCaseTest" time="0.002"/>
  <system-out><![CDATA[]]></system-out>
  <system-err><![CDATA[]]></system-err>
</testsuite>
