<?xml version="1.0" encoding="UTF-8"?>
<testsuite name="fontys.metarate.business.user.UpdatePasswordUseCaseTest" tests="3" skipped="0" failures="0" errors="0" timestamp="2023-06-18T21:10:47" hostname="DESKTOP-MDH7F45" time="0.006">
  <properties/>
  <testcase name="updatePassword_shouldThrowUnauthorizedDataAccessExceptionWhenPasswordNotMatching()" classname="fontys.metarate.business.user.UpdatePasswordUseCaseTest" time="0.003"/>
  <testcase name="updatePassword_shouldThrowUserNotFoundExceptionWhenUserNotFound()" classname="fontys.metarate.business.user.UpdatePasswordUseCaseTest" time="0.001"/>
  <testcase name="updatePassword_shouldThrowUnauthorizedDataAccessExceptionWhenUserNotOwnedByUser()" classname="fontys.metarate.business.user.UpdatePasswordUseCaseTest" time="0.001"/>
  <system-out><![CDATA[]]></system-out>
  <system-err><![CDATA[]]></system-err>
</testsuite>
