<?xml version="1.0" encoding="UTF-8"?>
<testsuite name="fontys.metarate.business.user.CreateUserUseCaseTest" tests="2" skipped="0" failures="0" errors="0" timestamp="2023-06-18T21:10:47" hostname="DESKTOP-MDH7F45" time="0.006">
  <properties/>
  <testcase name="testCreateUser_UsernameAlreadyExists()" classname="fontys.metarate.business.user.CreateUserUseCaseTest" time="0.002"/>
  <testcase name="testCreateUser_Success()" classname="fontys.metarate.business.user.CreateUserUseCaseTest" time="0.003"/>
  <system-out><![CDATA[]]></system-out>
  <system-err><![CDATA[]]></system-err>
</testsuite>
