<?xml version="1.0" encoding="UTF-8"?>
<testsuite name="fontys.metarate.business.review.GetCountReviewsByGameUseCaseTest" tests="2" skipped="0" failures="0" errors="0" timestamp="2023-06-18T21:10:47" hostname="DESKTOP-MDH7F45" time="0.002">
  <properties/>
  <testcase name="getCountReviewsByGameId_shouldReturnZeroWhenNoReviewsForGame()" classname="fontys.metarate.business.review.GetCountReviewsByGameUseCaseTest" time="0.001"/>
  <testcase name="getCountReviewsByGameId_shouldReturnCountOfReviewsForGame()" classname="fontys.metarate.business.review.GetCountReviewsByGameUseCaseTest" time="0.001"/>
  <system-out><![CDATA[]]></system-out>
  <system-err><![CDATA[]]></system-err>
</testsuite>
