<?xml version="1.0" encoding="UTF-8"?>
<testsuite name="fontys.metarate.persistence.ReviewRepositoryTests" tests="3" skipped="0" failures="0" errors="0" timestamp="2023-06-18T21:11:05" hostname="DESKTOP-MDH7F45" time="0.085">
  <properties/>
  <testcase name="testFindAllByUserUsername()" classname="fontys.metarate.persistence.ReviewRepositoryTests" time="0.038"/>
  <testcase name="testFindAllByGameIdAndUserUsername()" classname="fontys.metarate.persistence.ReviewRepositoryTests" time="0.021"/>
  <testcase name="testFindAllByGameId()" classname="fontys.metarate.persistence.ReviewRepositoryTests" time="0.025"/>
  <system-out><![CDATA[2023-06-18 23:11:05.081  INFO 31024 --- [    Test worker] b.t.a.o.j.DataJpaTestContextBootstrapper : Neither @ContextConfiguration nor @ContextHierarchy found for test class [fontys.metarate.persistence.ReviewRepositoryTests], using SpringBootContextLoader
2023-06-18 23:11:05.081  INFO 31024 --- [    Test worker] o.s.t.c.support.AbstractContextLoader    : Could not detect default resource locations for test class [fontys.metarate.persistence.ReviewRepositoryTests]: no resource found for suffixes {-context.xml, Context.groovy}.
2023-06-18 23:11:05.081  INFO 31024 --- [    Test worker] t.c.s.AnnotationConfigContextLoaderUtils : Could not detect default configuration classes for test class [fontys.metarate.persistence.ReviewRepositoryTests]: ReviewRepositoryTests does not declare any static, non-private, non-final, nested classes annotated with @Configuration.
2023-06-18 23:11:05.085  INFO 31024 --- [    Test worker] .b.t.c.SpringBootTestContextBootstrapper : Found @SpringBootConfiguration fontys.metarate.MetaRateApplication for test class fontys.metarate.persistence.ReviewRepositoryTests
2023-06-18 23:11:05.085  INFO 31024 --- [    Test worker] b.t.a.o.j.DataJpaTestContextBootstrapper : Loaded default TestExecutionListener class names from location [META-INF/spring.factories]: [org.springframework.security.test.context.support.WithSecurityContextTestExecutionListener, org.springframework.security.test.context.support.ReactorContextTestExecutionListener, org.springframework.boot.test.autoconfigure.restdocs.RestDocsTestExecutionListener, org.springframework.boot.test.autoconfigure.web.client.MockRestServiceServerResetTestExecutionListener, org.springframework.boot.test.autoconfigure.web.servlet.MockMvcPrintOnlyOnFailureTestExecutionListener, org.springframework.boot.test.autoconfigure.web.servlet.WebDriverTestExecutionListener, org.springframework.boot.test.autoconfigure.webservices.client.MockWebServiceServerTestExecutionListener, org.springframework.boot.test.mock.mockito.MockitoTestExecutionListener, org.springframework.boot.test.mock.mockito.ResetMocksTestExecutionListener, org.springframework.test.context.web.ServletTestExecutionListener, org.springframework.test.context.support.DirtiesContextBeforeModesTestExecutionListener, org.springframework.test.context.event.ApplicationEventsTestExecutionListener, org.springframework.test.context.support.DependencyInjectionTestExecutionListener, org.springframework.test.context.support.DirtiesContextTestExecutionListener, org.springframework.test.context.transaction.TransactionalTestExecutionListener, org.springframework.test.context.jdbc.SqlScriptsTestExecutionListener, org.springframework.test.context.event.EventPublishingTestExecutionListener]
2023-06-18 23:11:05.088  INFO 31024 --- [    Test worker] b.t.a.o.j.DataJpaTestContextBootstrapper : Using TestExecutionListeners: [org.springframework.test.context.web.ServletTestExecutionListener@59766015, org.springframework.test.context.support.DirtiesContextBeforeModesTestExecutionListener@468ad943, org.springframework.test.context.event.ApplicationEventsTestExecutionListener@359b1f57, org.springframework.boot.test.mock.mockito.MockitoTestExecutionListener@28ec2340, org.springframework.boot.test.autoconfigure.SpringBootDependencyInjectionTestExecutionListener@42708880, org.springframework.test.context.support.DirtiesContextTestExecutionListener@52a0014c, org.springframework.test.context.transaction.TransactionalTestExecutionListener@3facdde8, org.springframework.test.context.jdbc.SqlScriptsTestExecutionListener@76931f7e, org.springframework.security.test.context.support.WithSecurityContextTestExecutionListener@3061ada4, org.springframework.test.context.event.EventPublishingTestExecutionListener@62197085, org.springframework.security.test.context.support.ReactorContextTestExecutionListener@3b83a2b3, org.springframework.boot.test.autoconfigure.restdocs.RestDocsTestExecutionListener@55053252, org.springframework.boot.test.autoconfigure.web.client.MockRestServiceServerResetTestExecutionListener@68b4b9db, org.springframework.boot.test.autoconfigure.web.servlet.MockMvcPrintOnlyOnFailureTestExecutionListener@41806110, org.springframework.boot.test.autoconfigure.web.servlet.WebDriverTestExecutionListener@67b0c5a9, org.springframework.boot.test.autoconfigure.webservices.client.MockWebServiceServerTestExecutionListener@1b5becaf, org.springframework.boot.test.mock.mockito.ResetMocksTestExecutionListener@566ce47e]
2023-06-18 23:11:05.092  INFO 31024 --- [    Test worker] o.s.t.c.transaction.TransactionContext   : Began transaction (1) for test context [DefaultTestContext@31202162 testClass = ReviewRepositoryTests, testInstance = fontys.metarate.persistence.ReviewRepositoryTests@de6c2c, testMethod = testFindAllByUserUsername@ReviewRepositoryTests, testException = [null], mergedContextConfiguration = [MergedContextConfiguration@2062f7f2 testClass = ReviewRepositoryTests, locations = '{}', classes = '{class fontys.metarate.MetaRateApplication}', contextInitializerClasses = '[]', activeProfiles = '{}', propertySourceLocations = '{}', propertySourceProperties = '{org.springframework.boot.test.autoconfigure.orm.jpa.DataJpaTestContextBootstrapper=true}', contextCustomizers = set[org.springframework.boot.test.autoconfigure.OverrideAutoConfigurationContextCustomizerFactory$DisableAutoConfigurationContextCustomizer@1b6683c4, org.springframework.boot.test.autoconfigure.actuate.metrics.MetricsExportContextCustomizerFactory$DisableMetricExportContextCustomizer@1adf387e, org.springframework.boot.test.autoconfigure.filter.TypeExcludeFiltersContextCustomizer@351584c0, org.springframework.boot.test.autoconfigure.properties.PropertyMappingContextCustomizer@62514381, org.springframework.boot.test.autoconfigure.web.servlet.WebDriverContextCustomizerFactory$Customizer@2245ccaa, [ImportsContextCustomizer@1b61309 key = [org.springframework.boot.autoconfigure.cache.CacheAutoConfiguration, org.springframework.boot.autoconfigure.data.jpa.JpaRepositoriesAutoConfiguration, org.springframework.boot.autoconfigure.flyway.FlywayAutoConfiguration, org.springframework.boot.autoconfigure.jdbc.DataSourceAutoConfiguration, org.springframework.boot.autoconfigure.jdbc.DataSourceTransactionManagerAutoConfiguration, org.springframework.boot.autoconfigure.jdbc.JdbcTemplateAutoConfiguration, org.springframework.boot.autoconfigure.liquibase.LiquibaseAutoConfiguration, org.springframework.boot.autoconfigure.orm.jpa.HibernateJpaAutoConfiguration, org.springframework.boot.autoconfigure.sql.init.SqlInitializationAutoConfiguration, org.springframework.boot.autoconfigure.transaction.TransactionAutoConfiguration, org.springframework.boot.test.autoconfigure.jdbc.TestDatabaseAutoConfiguration, org.springframework.boot.test.autoconfigure.orm.jpa.TestEntityManagerAutoConfiguration]], org.springframework.boot.test.context.filter.ExcludeFilterContextCustomizer@1ba3c03d, org.springframework.boot.test.json.DuplicateJsonObjectContextCustomizerFactory$DuplicateJsonObjectContextCustomizer@41cf4272, org.springframework.boot.test.mock.mockito.MockitoContextCustomizer@0, org.springframework.boot.test.context.SpringBootTestArgs@1, org.springframework.boot.test.context.SpringBootTestWebEnvironment@0], contextLoader = 'org.springframework.boot.test.context.SpringBootContextLoader', parent = [null]], attributes = map['org.springframework.test.context.event.ApplicationEventsTestExecutionListener.recordApplicationEvents' -> false]]; transaction manager [org.springframework.orm.jpa.JpaTransactionManager@3140f760]; rollback [true]
Hibernate: insert into genre (name) values (?)
Hibernate: select gameentity0_.id as id1_0_1_, gameentity0_.description as descript2_0_1_, gameentity0_.developer as develope3_0_1_, gameentity0_.genre_id as genre_id8_0_1_, gameentity0_.image_url as image_ur4_0_1_, gameentity0_.release_year as release_5_0_1_, gameentity0_.title as title6_0_1_, gameentity0_.trailer_url as trailer_7_0_1_, reviews1_.game_id as game_id5_2_3_, reviews1_.id as id1_2_3_, reviews1_.id as id1_2_0_, reviews1_.content as content2_2_0_, reviews1_.date as date3_2_0_, reviews1_.game_id as game_id5_2_0_, reviews1_.rating as rating4_2_0_, reviews1_.user_id as user_id6_2_0_ from game gameentity0_ left outer join review reviews1_ on gameentity0_.id=reviews1_.game_id where gameentity0_.id=?
Hibernate: insert into game (description, developer, genre_id, image_url, release_year, title, trailer_url) values (?, ?, ?, ?, ?, ?, ?)
Hibernate: insert into genre (name) values (?)
Hibernate: select gameentity0_.id as id1_0_1_, gameentity0_.description as descript2_0_1_, gameentity0_.developer as develope3_0_1_, gameentity0_.genre_id as genre_id8_0_1_, gameentity0_.image_url as image_ur4_0_1_, gameentity0_.release_year as release_5_0_1_, gameentity0_.title as title6_0_1_, gameentity0_.trailer_url as trailer_7_0_1_, reviews1_.game_id as game_id5_2_3_, reviews1_.id as id1_2_3_, reviews1_.id as id1_2_0_, reviews1_.content as content2_2_0_, reviews1_.date as date3_2_0_, reviews1_.game_id as game_id5_2_0_, reviews1_.rating as rating4_2_0_, reviews1_.user_id as user_id6_2_0_ from game gameentity0_ left outer join review reviews1_ on gameentity0_.id=reviews1_.game_id where gameentity0_.id=?
Hibernate: insert into game (description, developer, genre_id, image_url, release_year, title, trailer_url) values (?, ?, ?, ?, ?, ?, ?)
Hibernate: select userentity0_.id as id1_3_1_, userentity0_.password as password2_3_1_, userentity0_.profile_pic as profile_3_3_1_, userentity0_.username as username4_3_1_, reviews1_.user_id as user_id6_2_3_, reviews1_.id as id1_2_3_, reviews1_.id as id1_2_0_, reviews1_.content as content2_2_0_, reviews1_.date as date3_2_0_, reviews1_.game_id as game_id5_2_0_, reviews1_.rating as rating4_2_0_, reviews1_.user_id as user_id6_2_0_ from user userentity0_ left outer join review reviews1_ on userentity0_.id=reviews1_.user_id where userentity0_.id=?
Hibernate: insert into user (password, profile_pic, username) values (?, ?, ?)
Hibernate: select reviewenti0_.id as id1_2_0_, reviewenti0_.content as content2_2_0_, reviewenti0_.date as date3_2_0_, reviewenti0_.game_id as game_id5_2_0_, reviewenti0_.rating as rating4_2_0_, reviewenti0_.user_id as user_id6_2_0_ from review reviewenti0_ where reviewenti0_.id=?
Hibernate: insert into review (content, date, game_id, rating, user_id) values (?, ?, ?, ?, ?)
Hibernate: select reviewenti0_.id as id1_2_0_, reviewenti0_.content as content2_2_0_, reviewenti0_.date as date3_2_0_, reviewenti0_.game_id as game_id5_2_0_, reviewenti0_.rating as rating4_2_0_, reviewenti0_.user_id as user_id6_2_0_ from review reviewenti0_ where reviewenti0_.id=?
Hibernate: insert into review (content, date, game_id, rating, user_id) values (?, ?, ?, ?, ?)
Hibernate: select reviewenti0_.id as id1_2_, reviewenti0_.content as content2_2_, reviewenti0_.date as date3_2_, reviewenti0_.game_id as game_id5_2_, reviewenti0_.rating as rating4_2_, reviewenti0_.user_id as user_id6_2_ from review reviewenti0_ left outer join user userentity1_ on reviewenti0_.user_id=userentity1_.id where userentity1_.username=?
2023-06-18 23:11:05.128  INFO 31024 --- [    Test worker] o.s.t.c.transaction.TransactionContext   : Rolled back transaction for test: [DefaultTestContext@31202162 testClass = ReviewRepositoryTests, testInstance = fontys.metarate.persistence.ReviewRepositoryTests@de6c2c, testMethod = testFindAllByUserUsername@ReviewRepositoryTests, testException = [null], mergedContextConfiguration = [MergedContextConfiguration@2062f7f2 testClass = ReviewRepositoryTests, locations = '{}', classes = '{class fontys.metarate.MetaRateApplication}', contextInitializerClasses = '[]', activeProfiles = '{}', propertySourceLocations = '{}', propertySourceProperties = '{org.springframework.boot.test.autoconfigure.orm.jpa.DataJpaTestContextBootstrapper=true}', contextCustomizers = set[org.springframework.boot.test.autoconfigure.OverrideAutoConfigurationContextCustomizerFactory$DisableAutoConfigurationContextCustomizer@1b6683c4, org.springframework.boot.test.autoconfigure.actuate.metrics.MetricsExportContextCustomizerFactory$DisableMetricExportContextCustomizer@1adf387e, org.springframework.boot.test.autoconfigure.filter.TypeExcludeFiltersContextCustomizer@351584c0, org.springframework.boot.test.autoconfigure.properties.PropertyMappingContextCustomizer@62514381, org.springframework.boot.test.autoconfigure.web.servlet.WebDriverContextCustomizerFactory$Customizer@2245ccaa, [ImportsContextCustomizer@1b61309 key = [org.springframework.boot.autoconfigure.cache.CacheAutoConfiguration, org.springframework.boot.autoconfigure.data.jpa.JpaRepositoriesAutoConfiguration, org.springframework.boot.autoconfigure.flyway.FlywayAutoConfiguration, org.springframework.boot.autoconfigure.jdbc.DataSourceAutoConfiguration, org.springframework.boot.autoconfigure.jdbc.DataSourceTransactionManagerAutoConfiguration, org.springframework.boot.autoconfigure.jdbc.JdbcTemplateAutoConfiguration, org.springframework.boot.autoconfigure.liquibase.LiquibaseAutoConfiguration, org.springframework.boot.autoconfigure.orm.jpa.HibernateJpaAutoConfiguration, org.springframework.boot.autoconfigure.sql.init.SqlInitializationAutoConfiguration, org.springframework.boot.autoconfigure.transaction.TransactionAutoConfiguration, org.springframework.boot.test.autoconfigure.jdbc.TestDatabaseAutoConfiguration, org.springframework.boot.test.autoconfigure.orm.jpa.TestEntityManagerAutoConfiguration]], org.springframework.boot.test.context.filter.ExcludeFilterContextCustomizer@1ba3c03d, org.springframework.boot.test.json.DuplicateJsonObjectContextCustomizerFactory$DuplicateJsonObjectContextCustomizer@41cf4272, org.springframework.boot.test.mock.mockito.MockitoContextCustomizer@0, org.springframework.boot.test.context.SpringBootTestArgs@1, org.springframework.boot.test.context.SpringBootTestWebEnvironment@0], contextLoader = 'org.springframework.boot.test.context.SpringBootContextLoader', parent = [null]], attributes = map['org.springframework.test.context.event.ApplicationEventsTestExecutionListener.recordApplicationEvents' -> false]]
2023-06-18 23:11:05.130  INFO 31024 --- [    Test worker] o.s.t.c.transaction.TransactionContext   : Began transaction (1) for test context [DefaultTestContext@31202162 testClass = ReviewRepositoryTests, testInstance = fontys.metarate.persistence.ReviewRepositoryTests@187d8ae9, testMethod = testFindAllByGameIdAndUserUsername@ReviewRepositoryTests, testException = [null], mergedContextConfiguration = [MergedContextConfiguration@2062f7f2 testClass = ReviewRepositoryTests, locations = '{}', classes = '{class fontys.metarate.MetaRateApplication}', contextInitializerClasses = '[]', activeProfiles = '{}', propertySourceLocations = '{}', propertySourceProperties = '{org.springframework.boot.test.autoconfigure.orm.jpa.DataJpaTestContextBootstrapper=true}', contextCustomizers = set[org.springframework.boot.test.autoconfigure.OverrideAutoConfigurationContextCustomizerFactory$DisableAutoConfigurationContextCustomizer@1b6683c4, org.springframework.boot.test.autoconfigure.actuate.metrics.MetricsExportContextCustomizerFactory$DisableMetricExportContextCustomizer@1adf387e, org.springframework.boot.test.autoconfigure.filter.TypeExcludeFiltersContextCustomizer@351584c0, org.springframework.boot.test.autoconfigure.properties.PropertyMappingContextCustomizer@62514381, org.springframework.boot.test.autoconfigure.web.servlet.WebDriverContextCustomizerFactory$Customizer@2245ccaa, [ImportsContextCustomizer@1b61309 key = [org.springframework.boot.autoconfigure.cache.CacheAutoConfiguration, org.springframework.boot.autoconfigure.data.jpa.JpaRepositoriesAutoConfiguration, org.springframework.boot.autoconfigure.flyway.FlywayAutoConfiguration, org.springframework.boot.autoconfigure.jdbc.DataSourceAutoConfiguration, org.springframework.boot.autoconfigure.jdbc.DataSourceTransactionManagerAutoConfiguration, org.springframework.boot.autoconfigure.jdbc.JdbcTemplateAutoConfiguration, org.springframework.boot.autoconfigure.liquibase.LiquibaseAutoConfiguration, org.springframework.boot.autoconfigure.orm.jpa.HibernateJpaAutoConfiguration, org.springframework.boot.autoconfigure.sql.init.SqlInitializationAutoConfiguration, org.springframework.boot.autoconfigure.transaction.TransactionAutoConfiguration, org.springframework.boot.test.autoconfigure.jdbc.TestDatabaseAutoConfiguration, org.springframework.boot.test.autoconfigure.orm.jpa.TestEntityManagerAutoConfiguration]], org.springframework.boot.test.context.filter.ExcludeFilterContextCustomizer@1ba3c03d, org.springframework.boot.test.json.DuplicateJsonObjectContextCustomizerFactory$DuplicateJsonObjectContextCustomizer@41cf4272, org.springframework.boot.test.mock.mockito.MockitoContextCustomizer@0, org.springframework.boot.test.context.SpringBootTestArgs@1, org.springframework.boot.test.context.SpringBootTestWebEnvironment@0], contextLoader = 'org.springframework.boot.test.context.SpringBootContextLoader', parent = [null]], attributes = map['org.springframework.test.context.event.ApplicationEventsTestExecutionListener.recordApplicationEvents' -> false]]; transaction manager [org.springframework.orm.jpa.JpaTransactionManager@3140f760]; rollback [true]
Hibernate: insert into genre (name) values (?)
Hibernate: select gameentity0_.id as id1_0_1_, gameentity0_.description as descript2_0_1_, gameentity0_.developer as develope3_0_1_, gameentity0_.genre_id as genre_id8_0_1_, gameentity0_.image_url as image_ur4_0_1_, gameentity0_.release_year as release_5_0_1_, gameentity0_.title as title6_0_1_, gameentity0_.trailer_url as trailer_7_0_1_, reviews1_.game_id as game_id5_2_3_, reviews1_.id as id1_2_3_, reviews1_.id as id1_2_0_, reviews1_.content as content2_2_0_, reviews1_.date as date3_2_0_, reviews1_.game_id as game_id5_2_0_, reviews1_.rating as rating4_2_0_, reviews1_.user_id as user_id6_2_0_ from game gameentity0_ left outer join review reviews1_ on gameentity0_.id=reviews1_.game_id where gameentity0_.id=?
Hibernate: insert into game (description, developer, genre_id, image_url, release_year, title, trailer_url) values (?, ?, ?, ?, ?, ?, ?)
Hibernate: select userentity0_.id as id1_3_1_, userentity0_.password as password2_3_1_, userentity0_.profile_pic as profile_3_3_1_, userentity0_.username as username4_3_1_, reviews1_.user_id as user_id6_2_3_, reviews1_.id as id1_2_3_, reviews1_.id as id1_2_0_, reviews1_.content as content2_2_0_, reviews1_.date as date3_2_0_, reviews1_.game_id as game_id5_2_0_, reviews1_.rating as rating4_2_0_, reviews1_.user_id as user_id6_2_0_ from user userentity0_ left outer join review reviews1_ on userentity0_.id=reviews1_.user_id where userentity0_.id=?
Hibernate: insert into user (password, profile_pic, username) values (?, ?, ?)
Hibernate: select reviewenti0_.id as id1_2_0_, reviewenti0_.content as content2_2_0_, reviewenti0_.date as date3_2_0_, reviewenti0_.game_id as game_id5_2_0_, reviewenti0_.rating as rating4_2_0_, reviewenti0_.user_id as user_id6_2_0_ from review reviewenti0_ where reviewenti0_.id=?
Hibernate: insert into review (content, date, game_id, rating, user_id) values (?, ?, ?, ?, ?)
Hibernate: select reviewenti0_.id as id1_2_, reviewenti0_.content as content2_2_, reviewenti0_.date as date3_2_, reviewenti0_.game_id as game_id5_2_, reviewenti0_.rating as rating4_2_, reviewenti0_.user_id as user_id6_2_ from review reviewenti0_ left outer join game gameentity1_ on reviewenti0_.game_id=gameentity1_.id left outer join user userentity2_ on reviewenti0_.user_id=userentity2_.id where gameentity1_.id=? and userentity2_.username=?
2023-06-18 23:11:05.149  INFO 31024 --- [    Test worker] o.s.t.c.transaction.TransactionContext   : Rolled back transaction for test: [DefaultTestContext@31202162 testClass = ReviewRepositoryTests, testInstance = fontys.metarate.persistence.ReviewRepositoryTests@187d8ae9, testMethod = testFindAllByGameIdAndUserUsername@ReviewRepositoryTests, testException = [null], mergedContextConfiguration = [MergedContextConfiguration@2062f7f2 testClass = ReviewRepositoryTests, locations = '{}', classes = '{class fontys.metarate.MetaRateApplication}', contextInitializerClasses = '[]', activeProfiles = '{}', propertySourceLocations = '{}', propertySourceProperties = '{org.springframework.boot.test.autoconfigure.orm.jpa.DataJpaTestContextBootstrapper=true}', contextCustomizers = set[org.springframework.boot.test.autoconfigure.OverrideAutoConfigurationContextCustomizerFactory$DisableAutoConfigurationContextCustomizer@1b6683c4, org.springframework.boot.test.autoconfigure.actuate.metrics.MetricsExportContextCustomizerFactory$DisableMetricExportContextCustomizer@1adf387e, org.springframework.boot.test.autoconfigure.filter.TypeExcludeFiltersContextCustomizer@351584c0, org.springframework.boot.test.autoconfigure.properties.PropertyMappingContextCustomizer@62514381, org.springframework.boot.test.autoconfigure.web.servlet.WebDriverContextCustomizerFactory$Customizer@2245ccaa, [ImportsContextCustomizer@1b61309 key = [org.springframework.boot.autoconfigure.cache.CacheAutoConfiguration, org.springframework.boot.autoconfigure.data.jpa.JpaRepositoriesAutoConfiguration, org.springframework.boot.autoconfigure.flyway.FlywayAutoConfiguration, org.springframework.boot.autoconfigure.jdbc.DataSourceAutoConfiguration, org.springframework.boot.autoconfigure.jdbc.DataSourceTransactionManagerAutoConfiguration, org.springframework.boot.autoconfigure.jdbc.JdbcTemplateAutoConfiguration, org.springframework.boot.autoconfigure.liquibase.LiquibaseAutoConfiguration, org.springframework.boot.autoconfigure.orm.jpa.HibernateJpaAutoConfiguration, org.springframework.boot.autoconfigure.sql.init.SqlInitializationAutoConfiguration, org.springframework.boot.autoconfigure.transaction.TransactionAutoConfiguration, org.springframework.boot.test.autoconfigure.jdbc.TestDatabaseAutoConfiguration, org.springframework.boot.test.autoconfigure.orm.jpa.TestEntityManagerAutoConfiguration]], org.springframework.boot.test.context.filter.ExcludeFilterContextCustomizer@1ba3c03d, org.springframework.boot.test.json.DuplicateJsonObjectContextCustomizerFactory$DuplicateJsonObjectContextCustomizer@41cf4272, org.springframework.boot.test.mock.mockito.MockitoContextCustomizer@0, org.springframework.boot.test.context.SpringBootTestArgs@1, org.springframework.boot.test.context.SpringBootTestWebEnvironment@0], contextLoader = 'org.springframework.boot.test.context.SpringBootContextLoader', parent = [null]], attributes = map['org.springframework.test.context.event.ApplicationEventsTestExecutionListener.recordApplicationEvents' -> false]]
2023-06-18 23:11:05.152  INFO 31024 --- [    Test worker] o.s.t.c.transaction.TransactionContext   : Began transaction (1) for test context [DefaultTestContext@31202162 testClass = ReviewRepositoryTests, testInstance = fontys.metarate.persistence.ReviewRepositoryTests@75919725, testMethod = testFindAllByGameId@ReviewRepositoryTests, testException = [null], mergedContextConfiguration = [MergedContextConfiguration@2062f7f2 testClass = ReviewRepositoryTests, locations = '{}', classes = '{class fontys.metarate.MetaRateApplication}', contextInitializerClasses = '[]', activeProfiles = '{}', propertySourceLocations = '{}', propertySourceProperties = '{org.springframework.boot.test.autoconfigure.orm.jpa.DataJpaTestContextBootstrapper=true}', contextCustomizers = set[org.springframework.boot.test.autoconfigure.OverrideAutoConfigurationContextCustomizerFactory$DisableAutoConfigurationContextCustomizer@1b6683c4, org.springframework.boot.test.autoconfigure.actuate.metrics.MetricsExportContextCustomizerFactory$DisableMetricExportContextCustomizer@1adf387e, org.springframework.boot.test.autoconfigure.filter.TypeExcludeFiltersContextCustomizer@351584c0, org.springframework.boot.test.autoconfigure.properties.PropertyMappingContextCustomizer@62514381, org.springframework.boot.test.autoconfigure.web.servlet.WebDriverContextCustomizerFactory$Customizer@2245ccaa, [ImportsContextCustomizer@1b61309 key = [org.springframework.boot.autoconfigure.cache.CacheAutoConfiguration, org.springframework.boot.autoconfigure.data.jpa.JpaRepositoriesAutoConfiguration, org.springframework.boot.autoconfigure.flyway.FlywayAutoConfiguration, org.springframework.boot.autoconfigure.jdbc.DataSourceAutoConfiguration, org.springframework.boot.autoconfigure.jdbc.DataSourceTransactionManagerAutoConfiguration, org.springframework.boot.autoconfigure.jdbc.JdbcTemplateAutoConfiguration, org.springframework.boot.autoconfigure.liquibase.LiquibaseAutoConfiguration, org.springframework.boot.autoconfigure.orm.jpa.HibernateJpaAutoConfiguration, org.springframework.boot.autoconfigure.sql.init.SqlInitializationAutoConfiguration, org.springframework.boot.autoconfigure.transaction.TransactionAutoConfiguration, org.springframework.boot.test.autoconfigure.jdbc.TestDatabaseAutoConfiguration, org.springframework.boot.test.autoconfigure.orm.jpa.TestEntityManagerAutoConfiguration]], org.springframework.boot.test.context.filter.ExcludeFilterContextCustomizer@1ba3c03d, org.springframework.boot.test.json.DuplicateJsonObjectContextCustomizerFactory$DuplicateJsonObjectContextCustomizer@41cf4272, org.springframework.boot.test.mock.mockito.MockitoContextCustomizer@0, org.springframework.boot.test.context.SpringBootTestArgs@1, org.springframework.boot.test.context.SpringBootTestWebEnvironment@0], contextLoader = 'org.springframework.boot.test.context.SpringBootContextLoader', parent = [null]], attributes = map['org.springframework.test.context.event.ApplicationEventsTestExecutionListener.recordApplicationEvents' -> false]]; transaction manager [org.springframework.orm.jpa.JpaTransactionManager@3140f760]; rollback [true]
Hibernate: insert into genre (name) values (?)
Hibernate: select gameentity0_.id as id1_0_1_, gameentity0_.description as descript2_0_1_, gameentity0_.developer as develope3_0_1_, gameentity0_.genre_id as genre_id8_0_1_, gameentity0_.image_url as image_ur4_0_1_, gameentity0_.release_year as release_5_0_1_, gameentity0_.title as title6_0_1_, gameentity0_.trailer_url as trailer_7_0_1_, reviews1_.game_id as game_id5_2_3_, reviews1_.id as id1_2_3_, reviews1_.id as id1_2_0_, reviews1_.content as content2_2_0_, reviews1_.date as date3_2_0_, reviews1_.game_id as game_id5_2_0_, reviews1_.rating as rating4_2_0_, reviews1_.user_id as user_id6_2_0_ from game gameentity0_ left outer join review reviews1_ on gameentity0_.id=reviews1_.game_id where gameentity0_.id=?
Hibernate: insert into game (description, developer, genre_id, image_url, release_year, title, trailer_url) values (?, ?, ?, ?, ?, ?, ?)
Hibernate: select userentity0_.id as id1_3_1_, userentity0_.password as password2_3_1_, userentity0_.profile_pic as profile_3_3_1_, userentity0_.username as username4_3_1_, reviews1_.user_id as user_id6_2_3_, reviews1_.id as id1_2_3_, reviews1_.id as id1_2_0_, reviews1_.content as content2_2_0_, reviews1_.date as date3_2_0_, reviews1_.game_id as game_id5_2_0_, reviews1_.rating as rating4_2_0_, reviews1_.user_id as user_id6_2_0_ from user userentity0_ left outer join review reviews1_ on userentity0_.id=reviews1_.user_id where userentity0_.id=?
Hibernate: insert into user (password, profile_pic, username) values (?, ?, ?)
Hibernate: select userentity0_.id as id1_3_1_, userentity0_.password as password2_3_1_, userentity0_.profile_pic as profile_3_3_1_, userentity0_.username as username4_3_1_, reviews1_.user_id as user_id6_2_3_, reviews1_.id as id1_2_3_, reviews1_.id as id1_2_0_, reviews1_.content as content2_2_0_, reviews1_.date as date3_2_0_, reviews1_.game_id as game_id5_2_0_, reviews1_.rating as rating4_2_0_, reviews1_.user_id as user_id6_2_0_ from user userentity0_ left outer join review reviews1_ on userentity0_.id=reviews1_.user_id where userentity0_.id=?
Hibernate: insert into user (password, profile_pic, username) values (?, ?, ?)
Hibernate: select reviewenti0_.id as id1_2_0_, reviewenti0_.content as content2_2_0_, reviewenti0_.date as date3_2_0_, reviewenti0_.game_id as game_id5_2_0_, reviewenti0_.rating as rating4_2_0_, reviewenti0_.user_id as user_id6_2_0_ from review reviewenti0_ where reviewenti0_.id=?
Hibernate: insert into review (content, date, game_id, rating, user_id) values (?, ?, ?, ?, ?)
Hibernate: select reviewenti0_.id as id1_2_0_, reviewenti0_.content as content2_2_0_, reviewenti0_.date as date3_2_0_, reviewenti0_.game_id as game_id5_2_0_, reviewenti0_.rating as rating4_2_0_, reviewenti0_.user_id as user_id6_2_0_ from review reviewenti0_ where reviewenti0_.id=?
Hibernate: insert into review (content, date, game_id, rating, user_id) values (?, ?, ?, ?, ?)
Hibernate: select reviewenti0_.id as id1_2_, reviewenti0_.content as content2_2_, reviewenti0_.date as date3_2_, reviewenti0_.game_id as game_id5_2_, reviewenti0_.rating as rating4_2_, reviewenti0_.user_id as user_id6_2_ from review reviewenti0_ left outer join game gameentity1_ on reviewenti0_.game_id=gameentity1_.id where gameentity1_.id=?
2023-06-18 23:11:05.175  INFO 31024 --- [    Test worker] o.s.t.c.transaction.TransactionContext   : Rolled back transaction for test: [DefaultTestContext@31202162 testClass = ReviewRepositoryTests, testInstance = fontys.metarate.persistence.ReviewRepositoryTests@75919725, testMethod = testFindAllByGameId@ReviewRepositoryTests, testException = [null], mergedContextConfiguration = [MergedContextConfiguration@2062f7f2 testClass = ReviewRepositoryTests, locations = '{}', classes = '{class fontys.metarate.MetaRateApplication}', contextInitializerClasses = '[]', activeProfiles = '{}', propertySourceLocations = '{}', propertySourceProperties = '{org.springframework.boot.test.autoconfigure.orm.jpa.DataJpaTestContextBootstrapper=true}', contextCustomizers = set[org.springframework.boot.test.autoconfigure.OverrideAutoConfigurationContextCustomizerFactory$DisableAutoConfigurationContextCustomizer@1b6683c4, org.springframework.boot.test.autoconfigure.actuate.metrics.MetricsExportContextCustomizerFactory$DisableMetricExportContextCustomizer@1adf387e, org.springframework.boot.test.autoconfigure.filter.TypeExcludeFiltersContextCustomizer@351584c0, org.springframework.boot.test.autoconfigure.properties.PropertyMappingContextCustomizer@62514381, org.springframework.boot.test.autoconfigure.web.servlet.WebDriverContextCustomizerFactory$Customizer@2245ccaa, [ImportsContextCustomizer@1b61309 key = [org.springframework.boot.autoconfigure.cache.CacheAutoConfiguration, org.springframework.boot.autoconfigure.data.jpa.JpaRepositoriesAutoConfiguration, org.springframework.boot.autoconfigure.flyway.FlywayAutoConfiguration, org.springframework.boot.autoconfigure.jdbc.DataSourceAutoConfiguration, org.springframework.boot.autoconfigure.jdbc.DataSourceTransactionManagerAutoConfiguration, org.springframework.boot.autoconfigure.jdbc.JdbcTemplateAutoConfiguration, org.springframework.boot.autoconfigure.liquibase.LiquibaseAutoConfiguration, org.springframework.boot.autoconfigure.orm.jpa.HibernateJpaAutoConfiguration, org.springframework.boot.autoconfigure.sql.init.SqlInitializationAutoConfiguration, org.springframework.boot.autoconfigure.transaction.TransactionAutoConfiguration, org.springframework.boot.test.autoconfigure.jdbc.TestDatabaseAutoConfiguration, org.springframework.boot.test.autoconfigure.orm.jpa.TestEntityManagerAutoConfiguration]], org.springframework.boot.test.context.filter.ExcludeFilterContextCustomizer@1ba3c03d, org.springframework.boot.test.json.DuplicateJsonObjectContextCustomizerFactory$DuplicateJsonObjectContextCustomizer@41cf4272, org.springframework.boot.test.mock.mockito.MockitoContextCustomizer@0, org.springframework.boot.test.context.SpringBootTestArgs@1, org.springframework.boot.test.context.SpringBootTestWebEnvironment@0], contextLoader = 'org.springframework.boot.test.context.SpringBootContextLoader', parent = [null]], attributes = map['org.springframework.test.context.event.ApplicationEventsTestExecutionListener.recordApplicationEvents' -> false]]
]]></system-out>
  <system-err><![CDATA[]]></system-err>
</testsuite>
