<?xml version="1.0" encoding="UTF-8"?>
<testsuite name="fontys.metarate.business.game.CreateGameUseCaseTest" tests="1" skipped="0" failures="0" errors="0" timestamp="2023-06-18T21:10:46" hostname="DESKTOP-MDH7F45" time="0.68">
  <properties/>
  <testcase name="testCreateGame()" classname="fontys.metarate.business.game.CreateGameUseCaseTest" time="0.68"/>
  <system-out><![CDATA[]]></system-out>
  <system-err><![CDATA[]]></system-err>
</testsuite>
