<?xml version="1.0" encoding="UTF-8"?>
<testsuite name="fontys.metarate.persistence.GameRepositoryTests" tests="5" skipped="0" failures="0" errors="0" timestamp="2023-06-18T21:11:04" hostname="DESKTOP-MDH7F45" time="0.29">
  <properties/>
  <testcase name="testCountByGenre()" classname="fontys.metarate.persistence.GameRepositoryTests" time="0.185"/>
  <testcase name="testCountByTitleContainingIgnoreCase()" classname="fontys.metarate.persistence.GameRepositoryTests" time="0.034"/>
  <testcase name="testFindByGenreName()" classname="fontys.metarate.persistence.GameRepositoryTests" time="0.02"/>
  <testcase name="testFindByTitleContainingIgnoreCase()" classname="fontys.metarate.persistence.GameRepositoryTests" time="0.018"/>
  <testcase name="testCountByGenreAndTitleContainingIgnoreCase()" classname="fontys.metarate.persistence.GameRepositoryTests" time="0.029"/>
  <system-out><![CDATA[23:10:47.841 [Test worker] DEBUG org.springframework.test.context.BootstrapUtils - Instantiating CacheAwareContextLoaderDelegate from class [org.springframework.test.context.cache.DefaultCacheAwareContextLoaderDelegate]
23:10:47.853 [Test worker] DEBUG org.springframework.test.context.BootstrapUtils - Instantiating BootstrapContext using constructor [public org.springframework.test.context.support.DefaultBootstrapContext(java.lang.Class,org.springframework.test.context.CacheAwareContextLoaderDelegate)]
23:10:47.891 [Test worker] DEBUG org.springframework.test.context.BootstrapUtils - Instantiating TestContextBootstrapper for test class [fontys.metarate.persistence.GameRepositoryTests] from class [org.springframework.boot.test.autoconfigure.orm.jpa.DataJpaTestContextBootstrapper]
23:10:47.904 [Test worker] INFO org.springframework.boot.test.autoconfigure.orm.jpa.DataJpaTestContextBootstrapper - Neither @ContextConfiguration nor @ContextHierarchy found for test class [fontys.metarate.persistence.GameRepositoryTests], using SpringBootContextLoader
23:10:47.908 [Test worker] DEBUG org.springframework.test.context.support.AbstractContextLoader - Did not detect default resource location for test class [fontys.metarate.persistence.GameRepositoryTests]: class path resource [fontys/metarate/persistence/GameRepositoryTests-context.xml] does not exist
23:10:47.909 [Test worker] DEBUG org.springframework.test.context.support.AbstractContextLoader - Did not detect default resource location for test class [fontys.metarate.persistence.GameRepositoryTests]: class path resource [fontys/metarate/persistence/GameRepositoryTestsContext.groovy] does not exist
23:10:47.909 [Test worker] INFO org.springframework.test.context.support.AbstractContextLoader - Could not detect default resource locations for test class [fontys.metarate.persistence.GameRepositoryTests]: no resource found for suffixes {-context.xml, Context.groovy}.
23:10:47.909 [Test worker] INFO org.springframework.test.context.support.AnnotationConfigContextLoaderUtils - Could not detect default configuration classes for test class [fontys.metarate.persistence.GameRepositoryTests]: GameRepositoryTests does not declare any static, non-private, non-final, nested classes annotated with @Configuration.
23:10:47.972 [Test worker] DEBUG org.springframework.test.context.support.ActiveProfilesUtils - Could not find an 'annotation declaring class' for annotation type [org.springframework.test.context.ActiveProfiles] and class [fontys.metarate.persistence.GameRepositoryTests]
23:10:48.025 [Test worker] DEBUG org.springframework.context.annotation.ClassPathScanningCandidateComponentProvider - Identified candidate component class: file [C:\Users\John\Documents\Git Repository\project_metarate\individual_project\build\classes\java\main\fontys\metarate\MetaRateApplication.class]
23:10:48.026 [Test worker] INFO org.springframework.boot.test.context.SpringBootTestContextBootstrapper - Found @SpringBootConfiguration fontys.metarate.MetaRateApplication for test class fontys.metarate.persistence.GameRepositoryTests
23:10:48.028 [Test worker] DEBUG org.springframework.boot.test.autoconfigure.orm.jpa.DataJpaTestContextBootstrapper - @TestExecutionListeners is not present for class [fontys.metarate.persistence.GameRepositoryTests]: using defaults.
23:10:48.029 [Test worker] INFO org.springframework.boot.test.autoconfigure.orm.jpa.DataJpaTestContextBootstrapper - Loaded default TestExecutionListener class names from location [META-INF/spring.factories]: [org.springframework.security.test.context.support.WithSecurityContextTestExecutionListener, org.springframework.security.test.context.support.ReactorContextTestExecutionListener, org.springframework.boot.test.autoconfigure.restdocs.RestDocsTestExecutionListener, org.springframework.boot.test.autoconfigure.web.client.MockRestServiceServerResetTestExecutionListener, org.springframework.boot.test.autoconfigure.web.servlet.MockMvcPrintOnlyOnFailureTestExecutionListener, org.springframework.boot.test.autoconfigure.web.servlet.WebDriverTestExecutionListener, org.springframework.boot.test.autoconfigure.webservices.client.MockWebServiceServerTestExecutionListener, org.springframework.boot.test.mock.mockito.MockitoTestExecutionListener, org.springframework.boot.test.mock.mockito.ResetMocksTestExecutionListener, org.springframework.test.context.web.ServletTestExecutionListener, org.springframework.test.context.support.DirtiesContextBeforeModesTestExecutionListener, org.springframework.test.context.event.ApplicationEventsTestExecutionListener, org.springframework.test.context.support.DependencyInjectionTestExecutionListener, org.springframework.test.context.support.DirtiesContextTestExecutionListener, org.springframework.test.context.transaction.TransactionalTestExecutionListener, org.springframework.test.context.jdbc.SqlScriptsTestExecutionListener, org.springframework.test.context.event.EventPublishingTestExecutionListener]
23:10:48.049 [Test worker] INFO org.springframework.boot.test.autoconfigure.orm.jpa.DataJpaTestContextBootstrapper - Using TestExecutionListeners: [org.springframework.test.context.web.ServletTestExecutionListener@7df23848, org.springframework.test.context.support.DirtiesContextBeforeModesTestExecutionListener@1b120d48, org.springframework.test.context.event.ApplicationEventsTestExecutionListener@236f3885, org.springframework.boot.test.mock.mockito.MockitoTestExecutionListener@14ee143a, org.springframework.boot.test.autoconfigure.SpringBootDependencyInjectionTestExecutionListener@78324e97, org.springframework.test.context.support.DirtiesContextTestExecutionListener@73417494, org.springframework.test.context.transaction.TransactionalTestExecutionListener@29b0c169, org.springframework.test.context.jdbc.SqlScriptsTestExecutionListener@4d1b4fa1, org.springframework.security.test.context.support.WithSecurityContextTestExecutionListener@27b7e663, org.springframework.test.context.event.EventPublishingTestExecutionListener@5f2ad3d5, org.springframework.security.test.context.support.ReactorContextTestExecutionListener@703eead0, org.springframework.boot.test.autoconfigure.restdocs.RestDocsTestExecutionListener@674fd531, org.springframework.boot.test.autoconfigure.web.client.MockRestServiceServerResetTestExecutionListener@7f53b345, org.springframework.boot.test.autoconfigure.web.servlet.MockMvcPrintOnlyOnFailureTestExecutionListener@76ee7301, org.springframework.boot.test.autoconfigure.web.servlet.WebDriverTestExecutionListener@71817f66, org.springframework.boot.test.autoconfigure.webservices.client.MockWebServiceServerTestExecutionListener@68feca3a, org.springframework.boot.test.mock.mockito.ResetMocksTestExecutionListener@ad585fb]
23:10:48.053 [Test worker] DEBUG org.springframework.test.context.support.AbstractDirtiesContextTestExecutionListener - Before test class: context [DefaultTestContext@5169db2f testClass = GameRepositoryTests, testInstance = [null], testMethod = [null], testException = [null], mergedContextConfiguration = [MergedContextConfiguration@912a644 testClass = GameRepositoryTests, locations = '{}', classes = '{class fontys.metarate.MetaRateApplication}', contextInitializerClasses = '[]', activeProfiles = '{}', propertySourceLocations = '{}', propertySourceProperties = '{org.springframework.boot.test.autoconfigure.orm.jpa.DataJpaTestContextBootstrapper=true}', contextCustomizers = set[org.springframework.boot.test.autoconfigure.OverrideAutoConfigurationContextCustomizerFactory$DisableAutoConfigurationContextCustomizer@1b6683c4, org.springframework.boot.test.autoconfigure.actuate.metrics.MetricsExportContextCustomizerFactory$DisableMetricExportContextCustomizer@1adf387e, org.springframework.boot.test.autoconfigure.filter.TypeExcludeFiltersContextCustomizer@351584c0, org.springframework.boot.test.autoconfigure.properties.PropertyMappingContextCustomizer@62514381, org.springframework.boot.test.autoconfigure.web.servlet.WebDriverContextCustomizerFactory$Customizer@2245ccaa, [ImportsContextCustomizer@478cc5f1 key = [org.springframework.boot.autoconfigure.cache.CacheAutoConfiguration, org.springframework.boot.autoconfigure.data.jpa.JpaRepositoriesAutoConfiguration, org.springframework.boot.autoconfigure.flyway.FlywayAutoConfiguration, org.springframework.boot.autoconfigure.jdbc.DataSourceAutoConfiguration, org.springframework.boot.autoconfigure.jdbc.DataSourceTransactionManagerAutoConfiguration, org.springframework.boot.autoconfigure.jdbc.JdbcTemplateAutoConfiguration, org.springframework.boot.autoconfigure.liquibase.LiquibaseAutoConfiguration, org.springframework.boot.autoconfigure.orm.jpa.HibernateJpaAutoConfiguration, org.springframework.boot.autoconfigure.sql.init.SqlInitializationAutoConfiguration, org.springframework.boot.autoconfigure.transaction.TransactionAutoConfiguration, org.springframework.boot.test.autoconfigure.jdbc.TestDatabaseAutoConfiguration, org.springframework.boot.test.autoconfigure.orm.jpa.TestEntityManagerAutoConfiguration]], org.springframework.boot.test.context.filter.ExcludeFilterContextCustomizer@1ba3c03d, org.springframework.boot.test.json.DuplicateJsonObjectContextCustomizerFactory$DuplicateJsonObjectContextCustomizer@41cf4272, org.springframework.boot.test.mock.mockito.MockitoContextCustomizer@0, org.springframework.boot.test.context.SpringBootTestArgs@1, org.springframework.boot.test.context.SpringBootTestWebEnvironment@0], contextLoader = 'org.springframework.boot.test.context.SpringBootContextLoader', parent = [null]], attributes = map[[empty]]], class annotated with @DirtiesContext [false] with mode [null].
23:10:48.058 [Test worker] DEBUG org.springframework.test.context.support.DependencyInjectionTestExecutionListener - Performing dependency injection for test context [[DefaultTestContext@5169db2f testClass = GameRepositoryTests, testInstance = fontys.metarate.persistence.GameRepositoryTests@589d831e, testMethod = [null], testException = [null], mergedContextConfiguration = [MergedContextConfiguration@912a644 testClass = GameRepositoryTests, locations = '{}', classes = '{class fontys.metarate.MetaRateApplication}', contextInitializerClasses = '[]', activeProfiles = '{}', propertySourceLocations = '{}', propertySourceProperties = '{org.springframework.boot.test.autoconfigure.orm.jpa.DataJpaTestContextBootstrapper=true}', contextCustomizers = set[org.springframework.boot.test.autoconfigure.OverrideAutoConfigurationContextCustomizerFactory$DisableAutoConfigurationContextCustomizer@1b6683c4, org.springframework.boot.test.autoconfigure.actuate.metrics.MetricsExportContextCustomizerFactory$DisableMetricExportContextCustomizer@1adf387e, org.springframework.boot.test.autoconfigure.filter.TypeExcludeFiltersContextCustomizer@351584c0, org.springframework.boot.test.autoconfigure.properties.PropertyMappingContextCustomizer@62514381, org.springframework.boot.test.autoconfigure.web.servlet.WebDriverContextCustomizerFactory$Customizer@2245ccaa, [ImportsContextCustomizer@478cc5f1 key = [org.springframework.boot.autoconfigure.cache.CacheAutoConfiguration, org.springframework.boot.autoconfigure.data.jpa.JpaRepositoriesAutoConfiguration, org.springframework.boot.autoconfigure.flyway.FlywayAutoConfiguration, org.springframework.boot.autoconfigure.jdbc.DataSourceAutoConfiguration, org.springframework.boot.autoconfigure.jdbc.DataSourceTransactionManagerAutoConfiguration, org.springframework.boot.autoconfigure.jdbc.JdbcTemplateAutoConfiguration, org.springframework.boot.autoconfigure.liquibase.LiquibaseAutoConfiguration, org.springframework.boot.autoconfigure.orm.jpa.HibernateJpaAutoConfiguration, org.springframework.boot.autoconfigure.sql.init.SqlInitializationAutoConfiguration, org.springframework.boot.autoconfigure.transaction.TransactionAutoConfiguration, org.springframework.boot.test.autoconfigure.jdbc.TestDatabaseAutoConfiguration, org.springframework.boot.test.autoconfigure.orm.jpa.TestEntityManagerAutoConfiguration]], org.springframework.boot.test.context.filter.ExcludeFilterContextCustomizer@1ba3c03d, org.springframework.boot.test.json.DuplicateJsonObjectContextCustomizerFactory$DuplicateJsonObjectContextCustomizer@41cf4272, org.springframework.boot.test.mock.mockito.MockitoContextCustomizer@0, org.springframework.boot.test.context.SpringBootTestArgs@1, org.springframework.boot.test.context.SpringBootTestWebEnvironment@0], contextLoader = 'org.springframework.boot.test.context.SpringBootContextLoader', parent = [null]], attributes = map['org.springframework.test.context.event.ApplicationEventsTestExecutionListener.recordApplicationEvents' -> false]]].
2023-06-18 23:10:48.861  INFO 31024 --- [    Test worker] o.t.d.DockerClientProviderStrategy       : Loaded org.testcontainers.dockerclient.NpipeSocketClientProviderStrategy from ~/.testcontainers.properties, will try it first
2023-06-18 23:10:49.506  INFO 31024 --- [    Test worker] o.t.d.DockerClientProviderStrategy       : Found Docker environment with local Npipe socket (npipe:////./pipe/docker_engine)
2023-06-18 23:10:49.508  INFO 31024 --- [    Test worker] org.testcontainers.DockerClientFactory   : Docker host IP address is localhost
2023-06-18 23:10:49.528  INFO 31024 --- [    Test worker] org.testcontainers.DockerClientFactory   : Connected to docker: 
  Server Version: 20.10.23
  API Version: 1.41
  Operating System: Docker Desktop
  Total Memory: 7896 MB
2023-06-18 23:10:49.547  INFO 31024 --- [    Test worker] o.t.utility.ImageNameSubstitutor         : Image name substitution will be performed by: DefaultImageNameSubstitutor (composite of 'ConfigurationFileImageNameSubstitutor' and 'PrefixingImageNameSubstitutor')
2023-06-18 23:10:49.568  INFO 31024 --- [    Test worker] docker[testcontainers/ryuk:0.3.3]        : Creating container for image: testcontainers/ryuk:0.3.3
2023-06-18 23:10:49.887  INFO 31024 --- [    Test worker] docker[testcontainers/ryuk:0.3.3]        : Container testcontainers/ryuk:0.3.3 is starting: 9092859dc6c6f644a44c2eb17e7dc26e2e8d28d4998949b6ac024fba0bcf5b74
2023-06-18 23:10:50.641  INFO 31024 --- [    Test worker] docker[testcontainers/ryuk:0.3.3]        : Container testcontainers/ryuk:0.3.3 started in PT1.088319S
2023-06-18 23:10:50.649  INFO 31024 --- [    Test worker] o.t.utility.RyukResourceReaper           : Ryuk started - will monitor and terminate Testcontainers containers on JVM exit
2023-06-18 23:10:50.650  INFO 31024 --- [    Test worker] org.testcontainers.DockerClientFactory   : Checking the system...
2023-06-18 23:10:50.650  INFO 31024 --- [    Test worker] org.testcontainers.DockerClientFactory   : ?? Docker server version should be at least 1.6.0
2023-06-18 23:10:50.789  INFO 31024 --- [    Test worker] c.p.test.common.utils.ContainerUtils     : Starting container with Docker image: mysql:8.0-debian
2023-06-18 23:10:50.792  INFO 31024 --- [    Test worker] docker[mysql:8.0-debian]                 : Creating container for image: mysql:8.0-debian
2023-06-18 23:10:50.931  INFO 31024 --- [    Test worker] docker[mysql:8.0-debian]                 : Container mysql:8.0-debian is starting: ef59f9bd2b5de7733d1aefec265a776cea998011262e2666ce2b863bf4400521
2023-06-18 23:10:51.521  INFO 31024 --- [    Test worker] docker[mysql:8.0-debian]                 : Waiting for database connection to become available at jdbc:mysql://localhost:52480/test using query 'SELECT 1'
2023-06-18 23:11:02.098  INFO 31024 --- [    Test worker] docker[mysql:8.0-debian]                 : Container is started (JDBC URL: jdbc:mysql://localhost:52480/test)
2023-06-18 23:11:02.098  INFO 31024 --- [    Test worker] docker[mysql:8.0-debian]                 : Container mysql:8.0-debian started in PT11.3056167S
2023-06-18 23:11:02.110  WARN 31024 --- [    Test worker] .t.m.EmbeddedMySQLBootstrapConfiguration : mysql:8.0-debian build 2023-06-13T09:06:49+02:00 (a week ago) startup time is 11 seconds
2023-06-18 23:11:02.110  INFO 31024 --- [    Test worker] .t.m.EmbeddedMySQLBootstrapConfiguration : Started mysql server. Connection details: {embedded.mysql.port=52480, embedded.mysql.host=localhost, embedded.mysql.schema=test, embedded.mysql.user=test, embedded.mysql.password=test}, JDBC connection url: jdbc:mysql://localhost:52480/test

  .   ____          _            __ _ _
 /\\ / ___'_ __ _ _(_)_ __  __ _ \ \ \ \
( ( )\___ | '_ | '_| | '_ \/ _` | \ \ \ \
 \\/  ___)| |_)| | | | | || (_| |  ) ) ) )
  '  |____| .__|_| |_|_| |_\__, | / / / /
 =========|_|==============|___/=/_/_/_/
 :: Spring Boot ::                (v2.7.3)

2023-06-18 23:11:02.241  INFO 31024 --- [    Test worker] f.m.persistence.GameRepositoryTests      : No active profile set, falling back to 1 default profile: "default"
2023-06-18 23:11:02.479  INFO 31024 --- [    Test worker] .s.d.r.c.RepositoryConfigurationDelegate : Bootstrapping Spring Data JPA repositories in DEFAULT mode.
2023-06-18 23:11:02.558  INFO 31024 --- [    Test worker] .s.d.r.c.RepositoryConfigurationDelegate : Finished Spring Data repository scanning in 72 ms. Found 4 JPA repository interfaces.
2023-06-18 23:11:02.832  INFO 31024 --- [    Test worker] o.f.c.internal.license.VersionPrinter    : Flyway Community Edition 9.1.6 by Redgate
2023-06-18 23:11:02.832  INFO 31024 --- [    Test worker] o.f.c.internal.license.VersionPrinter    : See what's new here: https://flywaydb.org/documentation/learnmore/releaseNotes#9.1.6
2023-06-18 23:11:02.832  INFO 31024 --- [    Test worker] o.f.c.internal.license.VersionPrinter    : 
2023-06-18 23:11:02.844  INFO 31024 --- [    Test worker] com.zaxxer.hikari.HikariDataSource       : HikariPool-1 - Starting...
2023-06-18 23:11:02.870  INFO 31024 --- [    Test worker] com.zaxxer.hikari.HikariDataSource       : HikariPool-1 - Start completed.
2023-06-18 23:11:02.894  INFO 31024 --- [    Test worker] o.f.c.i.database.base.BaseDatabaseType   : Database: jdbc:mysql://localhost:52480/test (MySQL 8.0)
2023-06-18 23:11:02.961  INFO 31024 --- [    Test worker] o.f.core.internal.command.DbValidate     : Successfully validated 2 migrations (execution time 00:00.021s)
2023-06-18 23:11:02.982  INFO 31024 --- [    Test worker] o.f.c.i.s.JdbcTableSchemaHistory         : Creating Schema History table `test`.`flyway_schema_history` ...
2023-06-18 23:11:03.062  INFO 31024 --- [    Test worker] o.f.core.internal.command.DbMigrate      : Current version of schema `test`: << Empty Schema >>
2023-06-18 23:11:03.072  INFO 31024 --- [    Test worker] o.f.core.internal.command.DbMigrate      : Migrating schema `test` to version "1 - InitialTables"
2023-06-18 23:11:03.197  INFO 31024 --- [    Test worker] o.f.core.internal.command.DbMigrate      : Migrating schema `test` to version "2 - CreateReviewTable"
2023-06-18 23:11:03.247  INFO 31024 --- [    Test worker] o.f.core.internal.command.DbMigrate      : Successfully applied 2 migrations to schema `test`, now at version v2 (execution time 00:00.189s)
2023-06-18 23:11:03.360  INFO 31024 --- [    Test worker] o.hibernate.jpa.internal.util.LogHelper  : HHH000204: Processing PersistenceUnitInfo [name: default]
2023-06-18 23:11:03.434  INFO 31024 --- [    Test worker] org.hibernate.Version                    : HHH000412: Hibernate ORM core version 5.6.10.Final
2023-06-18 23:11:03.484  INFO 31024 --- [    Test worker] o.hibernate.annotations.common.Version   : HCANN000001: Hibernate Commons Annotations {5.1.2.Final}
2023-06-18 23:11:03.663  INFO 31024 --- [    Test worker] org.hibernate.dialect.Dialect            : HHH000400: Using dialect: org.hibernate.dialect.MySQL8Dialect
2023-06-18 23:11:04.188  INFO 31024 --- [    Test worker] o.h.e.t.j.p.i.JtaPlatformInitiator       : HHH000490: Using JtaPlatform implementation: [org.hibernate.engine.transaction.jta.platform.internal.NoJtaPlatform]
2023-06-18 23:11:04.198  INFO 31024 --- [    Test worker] j.LocalContainerEntityManagerFactoryBean : Initialized JPA EntityManagerFactory for persistence unit 'default'
2023-06-18 23:11:04.781  INFO 31024 --- [    Test worker] f.m.persistence.GameRepositoryTests      : Started GameRepositoryTests in 16.689 seconds (JVM running for 19.672)
2023-06-18 23:11:04.807  INFO 31024 --- [    Test worker] o.s.t.c.transaction.TransactionContext   : Began transaction (1) for test context [DefaultTestContext@5169db2f testClass = GameRepositoryTests, testInstance = fontys.metarate.persistence.GameRepositoryTests@589d831e, testMethod = testCountByGenre@GameRepositoryTests, testException = [null], mergedContextConfiguration = [MergedContextConfiguration@912a644 testClass = GameRepositoryTests, locations = '{}', classes = '{class fontys.metarate.MetaRateApplication}', contextInitializerClasses = '[]', activeProfiles = '{}', propertySourceLocations = '{}', propertySourceProperties = '{org.springframework.boot.test.autoconfigure.orm.jpa.DataJpaTestContextBootstrapper=true}', contextCustomizers = set[org.springframework.boot.test.autoconfigure.OverrideAutoConfigurationContextCustomizerFactory$DisableAutoConfigurationContextCustomizer@1b6683c4, org.springframework.boot.test.autoconfigure.actuate.metrics.MetricsExportContextCustomizerFactory$DisableMetricExportContextCustomizer@1adf387e, org.springframework.boot.test.autoconfigure.filter.TypeExcludeFiltersContextCustomizer@351584c0, org.springframework.boot.test.autoconfigure.properties.PropertyMappingContextCustomizer@62514381, org.springframework.boot.test.autoconfigure.web.servlet.WebDriverContextCustomizerFactory$Customizer@2245ccaa, [ImportsContextCustomizer@478cc5f1 key = [org.springframework.boot.autoconfigure.cache.CacheAutoConfiguration, org.springframework.boot.autoconfigure.data.jpa.JpaRepositoriesAutoConfiguration, org.springframework.boot.autoconfigure.flyway.FlywayAutoConfiguration, org.springframework.boot.autoconfigure.jdbc.DataSourceAutoConfiguration, org.springframework.boot.autoconfigure.jdbc.DataSourceTransactionManagerAutoConfiguration, org.springframework.boot.autoconfigure.jdbc.JdbcTemplateAutoConfiguration, org.springframework.boot.autoconfigure.liquibase.LiquibaseAutoConfiguration, org.springframework.boot.autoconfigure.orm.jpa.HibernateJpaAutoConfiguration, org.springframework.boot.autoconfigure.sql.init.SqlInitializationAutoConfiguration, org.springframework.boot.autoconfigure.transaction.TransactionAutoConfiguration, org.springframework.boot.test.autoconfigure.jdbc.TestDatabaseAutoConfiguration, org.springframework.boot.test.autoconfigure.orm.jpa.TestEntityManagerAutoConfiguration]], org.springframework.boot.test.context.filter.ExcludeFilterContextCustomizer@1ba3c03d, org.springframework.boot.test.json.DuplicateJsonObjectContextCustomizerFactory$DuplicateJsonObjectContextCustomizer@41cf4272, org.springframework.boot.test.mock.mockito.MockitoContextCustomizer@0, org.springframework.boot.test.context.SpringBootTestArgs@1, org.springframework.boot.test.context.SpringBootTestWebEnvironment@0], contextLoader = 'org.springframework.boot.test.context.SpringBootContextLoader', parent = [null]], attributes = map['org.springframework.test.context.event.ApplicationEventsTestExecutionListener.recordApplicationEvents' -> false]]; transaction manager [org.springframework.orm.jpa.JpaTransactionManager@3140f760]; rollback [true]
Hibernate: select genreentit0_.id as id1_1_0_, genreentit0_.name as name2_1_0_ from genre genreentit0_ where genreentit0_.id=?
Hibernate: insert into genre (name) values (?)
Creating test game: GameEntity(id=21, title=Sample Game, developer=Sample Developer, genre=GenreEntity(id=1, name=Adventure), releaseYear=2022, description=Sample description, imageUrl=sample_image_url, trailerUrl=https://www.youtube.com/embed/g4Hbz2jLxvQ, reviews=null)
Hibernate: select gameentity0_.id as id1_0_1_, gameentity0_.description as descript2_0_1_, gameentity0_.developer as develope3_0_1_, gameentity0_.genre_id as genre_id8_0_1_, gameentity0_.image_url as image_ur4_0_1_, gameentity0_.release_year as release_5_0_1_, gameentity0_.title as title6_0_1_, gameentity0_.trailer_url as trailer_7_0_1_, reviews1_.game_id as game_id5_2_3_, reviews1_.id as id1_2_3_, reviews1_.id as id1_2_0_, reviews1_.content as content2_2_0_, reviews1_.date as date3_2_0_, reviews1_.game_id as game_id5_2_0_, reviews1_.rating as rating4_2_0_, reviews1_.user_id as user_id6_2_0_ from game gameentity0_ left outer join review reviews1_ on gameentity0_.id=reviews1_.game_id where gameentity0_.id=?
Hibernate: insert into game (description, developer, genre_id, image_url, release_year, title, trailer_url) values (?, ?, ?, ?, ?, ?, ?)
Creating test game: GameEntity(id=22, title=Action Game, developer=Sample Developer, genre=GenreEntity(id=1, name=Adventure), releaseYear=2022, description=Sample description, imageUrl=sample_image_url, trailerUrl=https://www.youtube.com/embed/g4Hbz2jLxvQ, reviews=null)
Hibernate: select gameentity0_.id as id1_0_1_, gameentity0_.description as descript2_0_1_, gameentity0_.developer as develope3_0_1_, gameentity0_.genre_id as genre_id8_0_1_, gameentity0_.image_url as image_ur4_0_1_, gameentity0_.release_year as release_5_0_1_, gameentity0_.title as title6_0_1_, gameentity0_.trailer_url as trailer_7_0_1_, reviews1_.game_id as game_id5_2_3_, reviews1_.id as id1_2_3_, reviews1_.id as id1_2_0_, reviews1_.content as content2_2_0_, reviews1_.date as date3_2_0_, reviews1_.game_id as game_id5_2_0_, reviews1_.rating as rating4_2_0_, reviews1_.user_id as user_id6_2_0_ from game gameentity0_ left outer join review reviews1_ on gameentity0_.id=reviews1_.game_id where gameentity0_.id=?
Hibernate: insert into game (description, developer, genre_id, image_url, release_year, title, trailer_url) values (?, ?, ?, ?, ?, ?, ?)
Creating test game: GameEntity(id=23, title=Puzzle Game, developer=Sample Developer, genre=GenreEntity(id=1, name=Adventure), releaseYear=2022, description=Sample description, imageUrl=sample_image_url, trailerUrl=https://www.youtube.com/embed/g4Hbz2jLxvQ, reviews=null)
Hibernate: select gameentity0_.id as id1_0_1_, gameentity0_.description as descript2_0_1_, gameentity0_.developer as develope3_0_1_, gameentity0_.genre_id as genre_id8_0_1_, gameentity0_.image_url as image_ur4_0_1_, gameentity0_.release_year as release_5_0_1_, gameentity0_.title as title6_0_1_, gameentity0_.trailer_url as trailer_7_0_1_, reviews1_.game_id as game_id5_2_3_, reviews1_.id as id1_2_3_, reviews1_.id as id1_2_0_, reviews1_.content as content2_2_0_, reviews1_.date as date3_2_0_, reviews1_.game_id as game_id5_2_0_, reviews1_.rating as rating4_2_0_, reviews1_.user_id as user_id6_2_0_ from game gameentity0_ left outer join review reviews1_ on gameentity0_.id=reviews1_.game_id where gameentity0_.id=?
Hibernate: insert into game (description, developer, genre_id, image_url, release_year, title, trailer_url) values (?, ?, ?, ?, ?, ?, ?)
Creating test game: GameEntity(id=24, title=Strategy Game, developer=Sample Developer, genre=GenreEntity(id=1, name=Adventure), releaseYear=2022, description=Sample description, imageUrl=sample_image_url, trailerUrl=https://www.youtube.com/embed/g4Hbz2jLxvQ, reviews=null)
Hibernate: select gameentity0_.id as id1_0_1_, gameentity0_.description as descript2_0_1_, gameentity0_.developer as develope3_0_1_, gameentity0_.genre_id as genre_id8_0_1_, gameentity0_.image_url as image_ur4_0_1_, gameentity0_.release_year as release_5_0_1_, gameentity0_.title as title6_0_1_, gameentity0_.trailer_url as trailer_7_0_1_, reviews1_.game_id as game_id5_2_3_, reviews1_.id as id1_2_3_, reviews1_.id as id1_2_0_, reviews1_.content as content2_2_0_, reviews1_.date as date3_2_0_, reviews1_.game_id as game_id5_2_0_, reviews1_.rating as rating4_2_0_, reviews1_.user_id as user_id6_2_0_ from game gameentity0_ left outer join review reviews1_ on gameentity0_.id=reviews1_.game_id where gameentity0_.id=?
Hibernate: insert into game (description, developer, genre_id, image_url, release_year, title, trailer_url) values (?, ?, ?, ?, ?, ?, ?)
Hibernate: select count(gameentity0_.id) as col_0_0_ from game gameentity0_ where gameentity0_.genre_id=?
2023-06-18 23:11:04.973  INFO 31024 --- [    Test worker] o.s.t.c.transaction.TransactionContext   : Rolled back transaction for test: [DefaultTestContext@5169db2f testClass = GameRepositoryTests, testInstance = fontys.metarate.persistence.GameRepositoryTests@589d831e, testMethod = testCountByGenre@GameRepositoryTests, testException = [null], mergedContextConfiguration = [MergedContextConfiguration@912a644 testClass = GameRepositoryTests, locations = '{}', classes = '{class fontys.metarate.MetaRateApplication}', contextInitializerClasses = '[]', activeProfiles = '{}', propertySourceLocations = '{}', propertySourceProperties = '{org.springframework.boot.test.autoconfigure.orm.jpa.DataJpaTestContextBootstrapper=true}', contextCustomizers = set[org.springframework.boot.test.autoconfigure.OverrideAutoConfigurationContextCustomizerFactory$DisableAutoConfigurationContextCustomizer@1b6683c4, org.springframework.boot.test.autoconfigure.actuate.metrics.MetricsExportContextCustomizerFactory$DisableMetricExportContextCustomizer@1adf387e, org.springframework.boot.test.autoconfigure.filter.TypeExcludeFiltersContextCustomizer@351584c0, org.springframework.boot.test.autoconfigure.properties.PropertyMappingContextCustomizer@62514381, org.springframework.boot.test.autoconfigure.web.servlet.WebDriverContextCustomizerFactory$Customizer@2245ccaa, [ImportsContextCustomizer@478cc5f1 key = [org.springframework.boot.autoconfigure.cache.CacheAutoConfiguration, org.springframework.boot.autoconfigure.data.jpa.JpaRepositoriesAutoConfiguration, org.springframework.boot.autoconfigure.flyway.FlywayAutoConfiguration, org.springframework.boot.autoconfigure.jdbc.DataSourceAutoConfiguration, org.springframework.boot.autoconfigure.jdbc.DataSourceTransactionManagerAutoConfiguration, org.springframework.boot.autoconfigure.jdbc.JdbcTemplateAutoConfiguration, org.springframework.boot.autoconfigure.liquibase.LiquibaseAutoConfiguration, org.springframework.boot.autoconfigure.orm.jpa.HibernateJpaAutoConfiguration, org.springframework.boot.autoconfigure.sql.init.SqlInitializationAutoConfiguration, org.springframework.boot.autoconfigure.transaction.TransactionAutoConfiguration, org.springframework.boot.test.autoconfigure.jdbc.TestDatabaseAutoConfiguration, org.springframework.boot.test.autoconfigure.orm.jpa.TestEntityManagerAutoConfiguration]], org.springframework.boot.test.context.filter.ExcludeFilterContextCustomizer@1ba3c03d, org.springframework.boot.test.json.DuplicateJsonObjectContextCustomizerFactory$DuplicateJsonObjectContextCustomizer@41cf4272, org.springframework.boot.test.mock.mockito.MockitoContextCustomizer@0, org.springframework.boot.test.context.SpringBootTestArgs@1, org.springframework.boot.test.context.SpringBootTestWebEnvironment@0], contextLoader = 'org.springframework.boot.test.context.SpringBootContextLoader', parent = [null]], attributes = map['org.springframework.test.context.event.ApplicationEventsTestExecutionListener.recordApplicationEvents' -> false]]
2023-06-18 23:11:04.976  INFO 31024 --- [    Test worker] o.s.t.c.transaction.TransactionContext   : Began transaction (1) for test context [DefaultTestContext@5169db2f testClass = GameRepositoryTests, testInstance = fontys.metarate.persistence.GameRepositoryTests@68357d4a, testMethod = testCountByTitleContainingIgnoreCase@GameRepositoryTests, testException = [null], mergedContextConfiguration = [MergedContextConfiguration@912a644 testClass = GameRepositoryTests, locations = '{}', classes = '{class fontys.metarate.MetaRateApplication}', contextInitializerClasses = '[]', activeProfiles = '{}', propertySourceLocations = '{}', propertySourceProperties = '{org.springframework.boot.test.autoconfigure.orm.jpa.DataJpaTestContextBootstrapper=true}', contextCustomizers = set[org.springframework.boot.test.autoconfigure.OverrideAutoConfigurationContextCustomizerFactory$DisableAutoConfigurationContextCustomizer@1b6683c4, org.springframework.boot.test.autoconfigure.actuate.metrics.MetricsExportContextCustomizerFactory$DisableMetricExportContextCustomizer@1adf387e, org.springframework.boot.test.autoconfigure.filter.TypeExcludeFiltersContextCustomizer@351584c0, org.springframework.boot.test.autoconfigure.properties.PropertyMappingContextCustomizer@62514381, org.springframework.boot.test.autoconfigure.web.servlet.WebDriverContextCustomizerFactory$Customizer@2245ccaa, [ImportsContextCustomizer@478cc5f1 key = [org.springframework.boot.autoconfigure.cache.CacheAutoConfiguration, org.springframework.boot.autoconfigure.data.jpa.JpaRepositoriesAutoConfiguration, org.springframework.boot.autoconfigure.flyway.FlywayAutoConfiguration, org.springframework.boot.autoconfigure.jdbc.DataSourceAutoConfiguration, org.springframework.boot.autoconfigure.jdbc.DataSourceTransactionManagerAutoConfiguration, org.springframework.boot.autoconfigure.jdbc.JdbcTemplateAutoConfiguration, org.springframework.boot.autoconfigure.liquibase.LiquibaseAutoConfiguration, org.springframework.boot.autoconfigure.orm.jpa.HibernateJpaAutoConfiguration, org.springframework.boot.autoconfigure.sql.init.SqlInitializationAutoConfiguration, org.springframework.boot.autoconfigure.transaction.TransactionAutoConfiguration, org.springframework.boot.test.autoconfigure.jdbc.TestDatabaseAutoConfiguration, org.springframework.boot.test.autoconfigure.orm.jpa.TestEntityManagerAutoConfiguration]], org.springframework.boot.test.context.filter.ExcludeFilterContextCustomizer@1ba3c03d, org.springframework.boot.test.json.DuplicateJsonObjectContextCustomizerFactory$DuplicateJsonObjectContextCustomizer@41cf4272, org.springframework.boot.test.mock.mockito.MockitoContextCustomizer@0, org.springframework.boot.test.context.SpringBootTestArgs@1, org.springframework.boot.test.context.SpringBootTestWebEnvironment@0], contextLoader = 'org.springframework.boot.test.context.SpringBootContextLoader', parent = [null]], attributes = map['org.springframework.test.context.event.ApplicationEventsTestExecutionListener.recordApplicationEvents' -> false]]; transaction manager [org.springframework.orm.jpa.JpaTransactionManager@3140f760]; rollback [true]
Hibernate: select genreentit0_.id as id1_1_0_, genreentit0_.name as name2_1_0_ from genre genreentit0_ where genreentit0_.id=?
Hibernate: insert into genre (name) values (?)
Creating test game: GameEntity(id=11, title=Sample Game, developer=Sample Developer, genre=GenreEntity(id=2, name=Adventure), releaseYear=2022, description=Sample description, imageUrl=sample_image_url, trailerUrl=https://www.youtube.com/embed/g4Hbz2jLxvQ, reviews=null)
Hibernate: select gameentity0_.id as id1_0_1_, gameentity0_.description as descript2_0_1_, gameentity0_.developer as develope3_0_1_, gameentity0_.genre_id as genre_id8_0_1_, gameentity0_.image_url as image_ur4_0_1_, gameentity0_.release_year as release_5_0_1_, gameentity0_.title as title6_0_1_, gameentity0_.trailer_url as trailer_7_0_1_, reviews1_.game_id as game_id5_2_3_, reviews1_.id as id1_2_3_, reviews1_.id as id1_2_0_, reviews1_.content as content2_2_0_, reviews1_.date as date3_2_0_, reviews1_.game_id as game_id5_2_0_, reviews1_.rating as rating4_2_0_, reviews1_.user_id as user_id6_2_0_ from game gameentity0_ left outer join review reviews1_ on gameentity0_.id=reviews1_.game_id where gameentity0_.id=?
Hibernate: insert into game (description, developer, genre_id, image_url, release_year, title, trailer_url) values (?, ?, ?, ?, ?, ?, ?)
Creating test game: GameEntity(id=12, title=Action Game, developer=Sample Developer, genre=GenreEntity(id=2, name=Adventure), releaseYear=2022, description=Sample description, imageUrl=sample_image_url, trailerUrl=https://www.youtube.com/embed/g4Hbz2jLxvQ, reviews=null)
Hibernate: select gameentity0_.id as id1_0_1_, gameentity0_.description as descript2_0_1_, gameentity0_.developer as develope3_0_1_, gameentity0_.genre_id as genre_id8_0_1_, gameentity0_.image_url as image_ur4_0_1_, gameentity0_.release_year as release_5_0_1_, gameentity0_.title as title6_0_1_, gameentity0_.trailer_url as trailer_7_0_1_, reviews1_.game_id as game_id5_2_3_, reviews1_.id as id1_2_3_, reviews1_.id as id1_2_0_, reviews1_.content as content2_2_0_, reviews1_.date as date3_2_0_, reviews1_.game_id as game_id5_2_0_, reviews1_.rating as rating4_2_0_, reviews1_.user_id as user_id6_2_0_ from game gameentity0_ left outer join review reviews1_ on gameentity0_.id=reviews1_.game_id where gameentity0_.id=?
Hibernate: insert into game (description, developer, genre_id, image_url, release_year, title, trailer_url) values (?, ?, ?, ?, ?, ?, ?)
Creating test game: GameEntity(id=13, title=Puzzle Game, developer=Sample Developer, genre=GenreEntity(id=2, name=Adventure), releaseYear=2022, description=Sample description, imageUrl=sample_image_url, trailerUrl=https://www.youtube.com/embed/g4Hbz2jLxvQ, reviews=null)
Hibernate: select gameentity0_.id as id1_0_1_, gameentity0_.description as descript2_0_1_, gameentity0_.developer as develope3_0_1_, gameentity0_.genre_id as genre_id8_0_1_, gameentity0_.image_url as image_ur4_0_1_, gameentity0_.release_year as release_5_0_1_, gameentity0_.title as title6_0_1_, gameentity0_.trailer_url as trailer_7_0_1_, reviews1_.game_id as game_id5_2_3_, reviews1_.id as id1_2_3_, reviews1_.id as id1_2_0_, reviews1_.content as content2_2_0_, reviews1_.date as date3_2_0_, reviews1_.game_id as game_id5_2_0_, reviews1_.rating as rating4_2_0_, reviews1_.user_id as user_id6_2_0_ from game gameentity0_ left outer join review reviews1_ on gameentity0_.id=reviews1_.game_id where gameentity0_.id=?
Hibernate: insert into game (description, developer, genre_id, image_url, release_year, title, trailer_url) values (?, ?, ?, ?, ?, ?, ?)
Creating test game: GameEntity(id=14, title=Strategy Game, developer=Sample Developer, genre=GenreEntity(id=2, name=Adventure), releaseYear=2022, description=Sample description, imageUrl=sample_image_url, trailerUrl=https://www.youtube.com/embed/g4Hbz2jLxvQ, reviews=null)
Hibernate: select gameentity0_.id as id1_0_1_, gameentity0_.description as descript2_0_1_, gameentity0_.developer as develope3_0_1_, gameentity0_.genre_id as genre_id8_0_1_, gameentity0_.image_url as image_ur4_0_1_, gameentity0_.release_year as release_5_0_1_, gameentity0_.title as title6_0_1_, gameentity0_.trailer_url as trailer_7_0_1_, reviews1_.game_id as game_id5_2_3_, reviews1_.id as id1_2_3_, reviews1_.id as id1_2_0_, reviews1_.content as content2_2_0_, reviews1_.date as date3_2_0_, reviews1_.game_id as game_id5_2_0_, reviews1_.rating as rating4_2_0_, reviews1_.user_id as user_id6_2_0_ from game gameentity0_ left outer join review reviews1_ on gameentity0_.id=reviews1_.game_id where gameentity0_.id=?
Hibernate: insert into game (description, developer, genre_id, image_url, release_year, title, trailer_url) values (?, ?, ?, ?, ?, ?, ?)
Hibernate: select count(gameentity0_.id) as col_0_0_ from game gameentity0_ where upper(gameentity0_.title) like upper(?) escape ?
2023-06-18 23:11:05.009  INFO 31024 --- [    Test worker] o.s.t.c.transaction.TransactionContext   : Rolled back transaction for test: [DefaultTestContext@5169db2f testClass = GameRepositoryTests, testInstance = fontys.metarate.persistence.GameRepositoryTests@68357d4a, testMethod = testCountByTitleContainingIgnoreCase@GameRepositoryTests, testException = [null], mergedContextConfiguration = [MergedContextConfiguration@912a644 testClass = GameRepositoryTests, locations = '{}', classes = '{class fontys.metarate.MetaRateApplication}', contextInitializerClasses = '[]', activeProfiles = '{}', propertySourceLocations = '{}', propertySourceProperties = '{org.springframework.boot.test.autoconfigure.orm.jpa.DataJpaTestContextBootstrapper=true}', contextCustomizers = set[org.springframework.boot.test.autoconfigure.OverrideAutoConfigurationContextCustomizerFactory$DisableAutoConfigurationContextCustomizer@1b6683c4, org.springframework.boot.test.autoconfigure.actuate.metrics.MetricsExportContextCustomizerFactory$DisableMetricExportContextCustomizer@1adf387e, org.springframework.boot.test.autoconfigure.filter.TypeExcludeFiltersContextCustomizer@351584c0, org.springframework.boot.test.autoconfigure.properties.PropertyMappingContextCustomizer@62514381, org.springframework.boot.test.autoconfigure.web.servlet.WebDriverContextCustomizerFactory$Customizer@2245ccaa, [ImportsContextCustomizer@478cc5f1 key = [org.springframework.boot.autoconfigure.cache.CacheAutoConfiguration, org.springframework.boot.autoconfigure.data.jpa.JpaRepositoriesAutoConfiguration, org.springframework.boot.autoconfigure.flyway.FlywayAutoConfiguration, org.springframework.boot.autoconfigure.jdbc.DataSourceAutoConfiguration, org.springframework.boot.autoconfigure.jdbc.DataSourceTransactionManagerAutoConfiguration, org.springframework.boot.autoconfigure.jdbc.JdbcTemplateAutoConfiguration, org.springframework.boot.autoconfigure.liquibase.LiquibaseAutoConfiguration, org.springframework.boot.autoconfigure.orm.jpa.HibernateJpaAutoConfiguration, org.springframework.boot.autoconfigure.sql.init.SqlInitializationAutoConfiguration, org.springframework.boot.autoconfigure.transaction.TransactionAutoConfiguration, org.springframework.boot.test.autoconfigure.jdbc.TestDatabaseAutoConfiguration, org.springframework.boot.test.autoconfigure.orm.jpa.TestEntityManagerAutoConfiguration]], org.springframework.boot.test.context.filter.ExcludeFilterContextCustomizer@1ba3c03d, org.springframework.boot.test.json.DuplicateJsonObjectContextCustomizerFactory$DuplicateJsonObjectContextCustomizer@41cf4272, org.springframework.boot.test.mock.mockito.MockitoContextCustomizer@0, org.springframework.boot.test.context.SpringBootTestArgs@1, org.springframework.boot.test.context.SpringBootTestWebEnvironment@0], contextLoader = 'org.springframework.boot.test.context.SpringBootContextLoader', parent = [null]], attributes = map['org.springframework.test.context.event.ApplicationEventsTestExecutionListener.recordApplicationEvents' -> false]]
2023-06-18 23:11:05.011  INFO 31024 --- [    Test worker] o.s.t.c.transaction.TransactionContext   : Began transaction (1) for test context [DefaultTestContext@5169db2f testClass = GameRepositoryTests, testInstance = fontys.metarate.persistence.GameRepositoryTests@712ac792, testMethod = testFindByGenreName@GameRepositoryTests, testException = [null], mergedContextConfiguration = [MergedContextConfiguration@912a644 testClass = GameRepositoryTests, locations = '{}', classes = '{class fontys.metarate.MetaRateApplication}', contextInitializerClasses = '[]', activeProfiles = '{}', propertySourceLocations = '{}', propertySourceProperties = '{org.springframework.boot.test.autoconfigure.orm.jpa.DataJpaTestContextBootstrapper=true}', contextCustomizers = set[org.springframework.boot.test.autoconfigure.OverrideAutoConfigurationContextCustomizerFactory$DisableAutoConfigurationContextCustomizer@1b6683c4, org.springframework.boot.test.autoconfigure.actuate.metrics.MetricsExportContextCustomizerFactory$DisableMetricExportContextCustomizer@1adf387e, org.springframework.boot.test.autoconfigure.filter.TypeExcludeFiltersContextCustomizer@351584c0, org.springframework.boot.test.autoconfigure.properties.PropertyMappingContextCustomizer@62514381, org.springframework.boot.test.autoconfigure.web.servlet.WebDriverContextCustomizerFactory$Customizer@2245ccaa, [ImportsContextCustomizer@478cc5f1 key = [org.springframework.boot.autoconfigure.cache.CacheAutoConfiguration, org.springframework.boot.autoconfigure.data.jpa.JpaRepositoriesAutoConfiguration, org.springframework.boot.autoconfigure.flyway.FlywayAutoConfiguration, org.springframework.boot.autoconfigure.jdbc.DataSourceAutoConfiguration, org.springframework.boot.autoconfigure.jdbc.DataSourceTransactionManagerAutoConfiguration, org.springframework.boot.autoconfigure.jdbc.JdbcTemplateAutoConfiguration, org.springframework.boot.autoconfigure.liquibase.LiquibaseAutoConfiguration, org.springframework.boot.autoconfigure.orm.jpa.HibernateJpaAutoConfiguration, org.springframework.boot.autoconfigure.sql.init.SqlInitializationAutoConfiguration, org.springframework.boot.autoconfigure.transaction.TransactionAutoConfiguration, org.springframework.boot.test.autoconfigure.jdbc.TestDatabaseAutoConfiguration, org.springframework.boot.test.autoconfigure.orm.jpa.TestEntityManagerAutoConfiguration]], org.springframework.boot.test.context.filter.ExcludeFilterContextCustomizer@1ba3c03d, org.springframework.boot.test.json.DuplicateJsonObjectContextCustomizerFactory$DuplicateJsonObjectContextCustomizer@41cf4272, org.springframework.boot.test.mock.mockito.MockitoContextCustomizer@0, org.springframework.boot.test.context.SpringBootTestArgs@1, org.springframework.boot.test.context.SpringBootTestWebEnvironment@0], contextLoader = 'org.springframework.boot.test.context.SpringBootContextLoader', parent = [null]], attributes = map['org.springframework.test.context.event.ApplicationEventsTestExecutionListener.recordApplicationEvents' -> false]]; transaction manager [org.springframework.orm.jpa.JpaTransactionManager@3140f760]; rollback [true]
Hibernate: select genreentit0_.id as id1_1_0_, genreentit0_.name as name2_1_0_ from genre genreentit0_ where genreentit0_.id=?
Hibernate: insert into genre (name) values (?)
Creating test game: GameEntity(id=1, title=Sample Game, developer=Sample Developer, genre=GenreEntity(id=3, name=Adventure), releaseYear=2022, description=Sample description, imageUrl=sample_image_url, trailerUrl=https://www.youtube.com/embed/g4Hbz2jLxvQ, reviews=null)
Hibernate: select gameentity0_.id as id1_0_1_, gameentity0_.description as descript2_0_1_, gameentity0_.developer as develope3_0_1_, gameentity0_.genre_id as genre_id8_0_1_, gameentity0_.image_url as image_ur4_0_1_, gameentity0_.release_year as release_5_0_1_, gameentity0_.title as title6_0_1_, gameentity0_.trailer_url as trailer_7_0_1_, reviews1_.game_id as game_id5_2_3_, reviews1_.id as id1_2_3_, reviews1_.id as id1_2_0_, reviews1_.content as content2_2_0_, reviews1_.date as date3_2_0_, reviews1_.game_id as game_id5_2_0_, reviews1_.rating as rating4_2_0_, reviews1_.user_id as user_id6_2_0_ from game gameentity0_ left outer join review reviews1_ on gameentity0_.id=reviews1_.game_id where gameentity0_.id=?
Hibernate: insert into game (description, developer, genre_id, image_url, release_year, title, trailer_url) values (?, ?, ?, ?, ?, ?, ?)
Creating test game: GameEntity(id=3, title=Puzzle Game, developer=Sample Developer, genre=GenreEntity(id=3, name=Adventure), releaseYear=2022, description=Sample description, imageUrl=sample_image_url, trailerUrl=https://www.youtube.com/embed/g4Hbz2jLxvQ, reviews=null)
Hibernate: select gameentity0_.id as id1_0_1_, gameentity0_.description as descript2_0_1_, gameentity0_.developer as develope3_0_1_, gameentity0_.genre_id as genre_id8_0_1_, gameentity0_.image_url as image_ur4_0_1_, gameentity0_.release_year as release_5_0_1_, gameentity0_.title as title6_0_1_, gameentity0_.trailer_url as trailer_7_0_1_, reviews1_.game_id as game_id5_2_3_, reviews1_.id as id1_2_3_, reviews1_.id as id1_2_0_, reviews1_.content as content2_2_0_, reviews1_.date as date3_2_0_, reviews1_.game_id as game_id5_2_0_, reviews1_.rating as rating4_2_0_, reviews1_.user_id as user_id6_2_0_ from game gameentity0_ left outer join review reviews1_ on gameentity0_.id=reviews1_.game_id where gameentity0_.id=?
Hibernate: insert into game (description, developer, genre_id, image_url, release_year, title, trailer_url) values (?, ?, ?, ?, ?, ?, ?)
Hibernate: select gameentity0_.id as id1_0_, gameentity0_.description as descript2_0_, gameentity0_.developer as develope3_0_, gameentity0_.genre_id as genre_id8_0_, gameentity0_.image_url as image_ur4_0_, gameentity0_.release_year as release_5_0_, gameentity0_.title as title6_0_, gameentity0_.trailer_url as trailer_7_0_ from game gameentity0_ left outer join genre genreentit1_ on gameentity0_.genre_id=genreentit1_.id where genreentit1_.name=?
2023-06-18 23:11:05.029  INFO 31024 --- [    Test worker] o.s.t.c.transaction.TransactionContext   : Rolled back transaction for test: [DefaultTestContext@5169db2f testClass = GameRepositoryTests, testInstance = fontys.metarate.persistence.GameRepositoryTests@712ac792, testMethod = testFindByGenreName@GameRepositoryTests, testException = [null], mergedContextConfiguration = [MergedContextConfiguration@912a644 testClass = GameRepositoryTests, locations = '{}', classes = '{class fontys.metarate.MetaRateApplication}', contextInitializerClasses = '[]', activeProfiles = '{}', propertySourceLocations = '{}', propertySourceProperties = '{org.springframework.boot.test.autoconfigure.orm.jpa.DataJpaTestContextBootstrapper=true}', contextCustomizers = set[org.springframework.boot.test.autoconfigure.OverrideAutoConfigurationContextCustomizerFactory$DisableAutoConfigurationContextCustomizer@1b6683c4, org.springframework.boot.test.autoconfigure.actuate.metrics.MetricsExportContextCustomizerFactory$DisableMetricExportContextCustomizer@1adf387e, org.springframework.boot.test.autoconfigure.filter.TypeExcludeFiltersContextCustomizer@351584c0, org.springframework.boot.test.autoconfigure.properties.PropertyMappingContextCustomizer@62514381, org.springframework.boot.test.autoconfigure.web.servlet.WebDriverContextCustomizerFactory$Customizer@2245ccaa, [ImportsContextCustomizer@478cc5f1 key = [org.springframework.boot.autoconfigure.cache.CacheAutoConfiguration, org.springframework.boot.autoconfigure.data.jpa.JpaRepositoriesAutoConfiguration, org.springframework.boot.autoconfigure.flyway.FlywayAutoConfiguration, org.springframework.boot.autoconfigure.jdbc.DataSourceAutoConfiguration, org.springframework.boot.autoconfigure.jdbc.DataSourceTransactionManagerAutoConfiguration, org.springframework.boot.autoconfigure.jdbc.JdbcTemplateAutoConfiguration, org.springframework.boot.autoconfigure.liquibase.LiquibaseAutoConfiguration, org.springframework.boot.autoconfigure.orm.jpa.HibernateJpaAutoConfiguration, org.springframework.boot.autoconfigure.sql.init.SqlInitializationAutoConfiguration, org.springframework.boot.autoconfigure.transaction.TransactionAutoConfiguration, org.springframework.boot.test.autoconfigure.jdbc.TestDatabaseAutoConfiguration, org.springframework.boot.test.autoconfigure.orm.jpa.TestEntityManagerAutoConfiguration]], org.springframework.boot.test.context.filter.ExcludeFilterContextCustomizer@1ba3c03d, org.springframework.boot.test.json.DuplicateJsonObjectContextCustomizerFactory$DuplicateJsonObjectContextCustomizer@41cf4272, org.springframework.boot.test.mock.mockito.MockitoContextCustomizer@0, org.springframework.boot.test.context.SpringBootTestArgs@1, org.springframework.boot.test.context.SpringBootTestWebEnvironment@0], contextLoader = 'org.springframework.boot.test.context.SpringBootContextLoader', parent = [null]], attributes = map['org.springframework.test.context.event.ApplicationEventsTestExecutionListener.recordApplicationEvents' -> false]]
2023-06-18 23:11:05.032  INFO 31024 --- [    Test worker] o.s.t.c.transaction.TransactionContext   : Began transaction (1) for test context [DefaultTestContext@5169db2f testClass = GameRepositoryTests, testInstance = fontys.metarate.persistence.GameRepositoryTests@1b99a5ac, testMethod = testFindByTitleContainingIgnoreCase@GameRepositoryTests, testException = [null], mergedContextConfiguration = [MergedContextConfiguration@912a644 testClass = GameRepositoryTests, locations = '{}', classes = '{class fontys.metarate.MetaRateApplication}', contextInitializerClasses = '[]', activeProfiles = '{}', propertySourceLocations = '{}', propertySourceProperties = '{org.springframework.boot.test.autoconfigure.orm.jpa.DataJpaTestContextBootstrapper=true}', contextCustomizers = set[org.springframework.boot.test.autoconfigure.OverrideAutoConfigurationContextCustomizerFactory$DisableAutoConfigurationContextCustomizer@1b6683c4, org.springframework.boot.test.autoconfigure.actuate.metrics.MetricsExportContextCustomizerFactory$DisableMetricExportContextCustomizer@1adf387e, org.springframework.boot.test.autoconfigure.filter.TypeExcludeFiltersContextCustomizer@351584c0, org.springframework.boot.test.autoconfigure.properties.PropertyMappingContextCustomizer@62514381, org.springframework.boot.test.autoconfigure.web.servlet.WebDriverContextCustomizerFactory$Customizer@2245ccaa, [ImportsContextCustomizer@478cc5f1 key = [org.springframework.boot.autoconfigure.cache.CacheAutoConfiguration, org.springframework.boot.autoconfigure.data.jpa.JpaRepositoriesAutoConfiguration, org.springframework.boot.autoconfigure.flyway.FlywayAutoConfiguration, org.springframework.boot.autoconfigure.jdbc.DataSourceAutoConfiguration, org.springframework.boot.autoconfigure.jdbc.DataSourceTransactionManagerAutoConfiguration, org.springframework.boot.autoconfigure.jdbc.JdbcTemplateAutoConfiguration, org.springframework.boot.autoconfigure.liquibase.LiquibaseAutoConfiguration, org.springframework.boot.autoconfigure.orm.jpa.HibernateJpaAutoConfiguration, org.springframework.boot.autoconfigure.sql.init.SqlInitializationAutoConfiguration, org.springframework.boot.autoconfigure.transaction.TransactionAutoConfiguration, org.springframework.boot.test.autoconfigure.jdbc.TestDatabaseAutoConfiguration, org.springframework.boot.test.autoconfigure.orm.jpa.TestEntityManagerAutoConfiguration]], org.springframework.boot.test.context.filter.ExcludeFilterContextCustomizer@1ba3c03d, org.springframework.boot.test.json.DuplicateJsonObjectContextCustomizerFactory$DuplicateJsonObjectContextCustomizer@41cf4272, org.springframework.boot.test.mock.mockito.MockitoContextCustomizer@0, org.springframework.boot.test.context.SpringBootTestArgs@1, org.springframework.boot.test.context.SpringBootTestWebEnvironment@0], contextLoader = 'org.springframework.boot.test.context.SpringBootContextLoader', parent = [null]], attributes = map['org.springframework.test.context.event.ApplicationEventsTestExecutionListener.recordApplicationEvents' -> false]]; transaction manager [org.springframework.orm.jpa.JpaTransactionManager@3140f760]; rollback [true]
Hibernate: select genreentit0_.id as id1_1_0_, genreentit0_.name as name2_1_0_ from genre genreentit0_ where genreentit0_.id=?
Hibernate: insert into genre (name) values (?)
Creating test game: GameEntity(id=1, title=Sample Game, developer=Sample Developer, genre=GenreEntity(id=4, name=Adventure), releaseYear=2022, description=Sample description, imageUrl=sample_image_url, trailerUrl=https://www.youtube.com/embed/g4Hbz2jLxvQ, reviews=null)
Hibernate: select gameentity0_.id as id1_0_1_, gameentity0_.description as descript2_0_1_, gameentity0_.developer as develope3_0_1_, gameentity0_.genre_id as genre_id8_0_1_, gameentity0_.image_url as image_ur4_0_1_, gameentity0_.release_year as release_5_0_1_, gameentity0_.title as title6_0_1_, gameentity0_.trailer_url as trailer_7_0_1_, reviews1_.game_id as game_id5_2_3_, reviews1_.id as id1_2_3_, reviews1_.id as id1_2_0_, reviews1_.content as content2_2_0_, reviews1_.date as date3_2_0_, reviews1_.game_id as game_id5_2_0_, reviews1_.rating as rating4_2_0_, reviews1_.user_id as user_id6_2_0_ from game gameentity0_ left outer join review reviews1_ on gameentity0_.id=reviews1_.game_id where gameentity0_.id=?
Hibernate: insert into game (description, developer, genre_id, image_url, release_year, title, trailer_url) values (?, ?, ?, ?, ?, ?, ?)
Creating test game: GameEntity(id=4, title=Strategy Game, developer=Sample Developer, genre=GenreEntity(id=4, name=Adventure), releaseYear=2022, description=Sample description, imageUrl=sample_image_url, trailerUrl=https://www.youtube.com/embed/g4Hbz2jLxvQ, reviews=null)
Hibernate: select gameentity0_.id as id1_0_1_, gameentity0_.description as descript2_0_1_, gameentity0_.developer as develope3_0_1_, gameentity0_.genre_id as genre_id8_0_1_, gameentity0_.image_url as image_ur4_0_1_, gameentity0_.release_year as release_5_0_1_, gameentity0_.title as title6_0_1_, gameentity0_.trailer_url as trailer_7_0_1_, reviews1_.game_id as game_id5_2_3_, reviews1_.id as id1_2_3_, reviews1_.id as id1_2_0_, reviews1_.content as content2_2_0_, reviews1_.date as date3_2_0_, reviews1_.game_id as game_id5_2_0_, reviews1_.rating as rating4_2_0_, reviews1_.user_id as user_id6_2_0_ from game gameentity0_ left outer join review reviews1_ on gameentity0_.id=reviews1_.game_id where gameentity0_.id=?
Hibernate: insert into game (description, developer, genre_id, image_url, release_year, title, trailer_url) values (?, ?, ?, ?, ?, ?, ?)
Hibernate: select gameentity0_.id as id1_0_, gameentity0_.description as descript2_0_, gameentity0_.developer as develope3_0_, gameentity0_.genre_id as genre_id8_0_, gameentity0_.image_url as image_ur4_0_, gameentity0_.release_year as release_5_0_, gameentity0_.title as title6_0_, gameentity0_.trailer_url as trailer_7_0_ from game gameentity0_ where upper(gameentity0_.title) like upper(?) escape ?
2023-06-18 23:11:05.048  INFO 31024 --- [    Test worker] o.s.t.c.transaction.TransactionContext   : Rolled back transaction for test: [DefaultTestContext@5169db2f testClass = GameRepositoryTests, testInstance = fontys.metarate.persistence.GameRepositoryTests@1b99a5ac, testMethod = testFindByTitleContainingIgnoreCase@GameRepositoryTests, testException = [null], mergedContextConfiguration = [MergedContextConfiguration@912a644 testClass = GameRepositoryTests, locations = '{}', classes = '{class fontys.metarate.MetaRateApplication}', contextInitializerClasses = '[]', activeProfiles = '{}', propertySourceLocations = '{}', propertySourceProperties = '{org.springframework.boot.test.autoconfigure.orm.jpa.DataJpaTestContextBootstrapper=true}', contextCustomizers = set[org.springframework.boot.test.autoconfigure.OverrideAutoConfigurationContextCustomizerFactory$DisableAutoConfigurationContextCustomizer@1b6683c4, org.springframework.boot.test.autoconfigure.actuate.metrics.MetricsExportContextCustomizerFactory$DisableMetricExportContextCustomizer@1adf387e, org.springframework.boot.test.autoconfigure.filter.TypeExcludeFiltersContextCustomizer@351584c0, org.springframework.boot.test.autoconfigure.properties.PropertyMappingContextCustomizer@62514381, org.springframework.boot.test.autoconfigure.web.servlet.WebDriverContextCustomizerFactory$Customizer@2245ccaa, [ImportsContextCustomizer@478cc5f1 key = [org.springframework.boot.autoconfigure.cache.CacheAutoConfiguration, org.springframework.boot.autoconfigure.data.jpa.JpaRepositoriesAutoConfiguration, org.springframework.boot.autoconfigure.flyway.FlywayAutoConfiguration, org.springframework.boot.autoconfigure.jdbc.DataSourceAutoConfiguration, org.springframework.boot.autoconfigure.jdbc.DataSourceTransactionManagerAutoConfiguration, org.springframework.boot.autoconfigure.jdbc.JdbcTemplateAutoConfiguration, org.springframework.boot.autoconfigure.liquibase.LiquibaseAutoConfiguration, org.springframework.boot.autoconfigure.orm.jpa.HibernateJpaAutoConfiguration, org.springframework.boot.autoconfigure.sql.init.SqlInitializationAutoConfiguration, org.springframework.boot.autoconfigure.transaction.TransactionAutoConfiguration, org.springframework.boot.test.autoconfigure.jdbc.TestDatabaseAutoConfiguration, org.springframework.boot.test.autoconfigure.orm.jpa.TestEntityManagerAutoConfiguration]], org.springframework.boot.test.context.filter.ExcludeFilterContextCustomizer@1ba3c03d, org.springframework.boot.test.json.DuplicateJsonObjectContextCustomizerFactory$DuplicateJsonObjectContextCustomizer@41cf4272, org.springframework.boot.test.mock.mockito.MockitoContextCustomizer@0, org.springframework.boot.test.context.SpringBootTestArgs@1, org.springframework.boot.test.context.SpringBootTestWebEnvironment@0], contextLoader = 'org.springframework.boot.test.context.SpringBootContextLoader', parent = [null]], attributes = map['org.springframework.test.context.event.ApplicationEventsTestExecutionListener.recordApplicationEvents' -> false]]
2023-06-18 23:11:05.051  INFO 31024 --- [    Test worker] o.s.t.c.transaction.TransactionContext   : Began transaction (1) for test context [DefaultTestContext@5169db2f testClass = GameRepositoryTests, testInstance = fontys.metarate.persistence.GameRepositoryTests@1a7b97e1, testMethod = testCountByGenreAndTitleContainingIgnoreCase@GameRepositoryTests, testException = [null], mergedContextConfiguration = [MergedContextConfiguration@912a644 testClass = GameRepositoryTests, locations = '{}', classes = '{class fontys.metarate.MetaRateApplication}', contextInitializerClasses = '[]', activeProfiles = '{}', propertySourceLocations = '{}', propertySourceProperties = '{org.springframework.boot.test.autoconfigure.orm.jpa.DataJpaTestContextBootstrapper=true}', contextCustomizers = set[org.springframework.boot.test.autoconfigure.OverrideAutoConfigurationContextCustomizerFactory$DisableAutoConfigurationContextCustomizer@1b6683c4, org.springframework.boot.test.autoconfigure.actuate.metrics.MetricsExportContextCustomizerFactory$DisableMetricExportContextCustomizer@1adf387e, org.springframework.boot.test.autoconfigure.filter.TypeExcludeFiltersContextCustomizer@351584c0, org.springframework.boot.test.autoconfigure.properties.PropertyMappingContextCustomizer@62514381, org.springframework.boot.test.autoconfigure.web.servlet.WebDriverContextCustomizerFactory$Customizer@2245ccaa, [ImportsContextCustomizer@478cc5f1 key = [org.springframework.boot.autoconfigure.cache.CacheAutoConfiguration, org.springframework.boot.autoconfigure.data.jpa.JpaRepositoriesAutoConfiguration, org.springframework.boot.autoconfigure.flyway.FlywayAutoConfiguration, org.springframework.boot.autoconfigure.jdbc.DataSourceAutoConfiguration, org.springframework.boot.autoconfigure.jdbc.DataSourceTransactionManagerAutoConfiguration, org.springframework.boot.autoconfigure.jdbc.JdbcTemplateAutoConfiguration, org.springframework.boot.autoconfigure.liquibase.LiquibaseAutoConfiguration, org.springframework.boot.autoconfigure.orm.jpa.HibernateJpaAutoConfiguration, org.springframework.boot.autoconfigure.sql.init.SqlInitializationAutoConfiguration, org.springframework.boot.autoconfigure.transaction.TransactionAutoConfiguration, org.springframework.boot.test.autoconfigure.jdbc.TestDatabaseAutoConfiguration, org.springframework.boot.test.autoconfigure.orm.jpa.TestEntityManagerAutoConfiguration]], org.springframework.boot.test.context.filter.ExcludeFilterContextCustomizer@1ba3c03d, org.springframework.boot.test.json.DuplicateJsonObjectContextCustomizerFactory$DuplicateJsonObjectContextCustomizer@41cf4272, org.springframework.boot.test.mock.mockito.MockitoContextCustomizer@0, org.springframework.boot.test.context.SpringBootTestArgs@1, org.springframework.boot.test.context.SpringBootTestWebEnvironment@0], contextLoader = 'org.springframework.boot.test.context.SpringBootContextLoader', parent = [null]], attributes = map['org.springframework.test.context.event.ApplicationEventsTestExecutionListener.recordApplicationEvents' -> false]]; transaction manager [org.springframework.orm.jpa.JpaTransactionManager@3140f760]; rollback [true]
Hibernate: select genreentit0_.id as id1_1_0_, genreentit0_.name as name2_1_0_ from genre genreentit0_ where genreentit0_.id=?
Hibernate: insert into genre (name) values (?)
Creating test game: GameEntity(id=31, title=Sample Game, developer=Sample Developer, genre=GenreEntity(id=5, name=Adventure), releaseYear=2022, description=Sample description, imageUrl=sample_image_url, trailerUrl=https://www.youtube.com/embed/g4Hbz2jLxvQ, reviews=null)
Hibernate: select gameentity0_.id as id1_0_1_, gameentity0_.description as descript2_0_1_, gameentity0_.developer as develope3_0_1_, gameentity0_.genre_id as genre_id8_0_1_, gameentity0_.image_url as image_ur4_0_1_, gameentity0_.release_year as release_5_0_1_, gameentity0_.title as title6_0_1_, gameentity0_.trailer_url as trailer_7_0_1_, reviews1_.game_id as game_id5_2_3_, reviews1_.id as id1_2_3_, reviews1_.id as id1_2_0_, reviews1_.content as content2_2_0_, reviews1_.date as date3_2_0_, reviews1_.game_id as game_id5_2_0_, reviews1_.rating as rating4_2_0_, reviews1_.user_id as user_id6_2_0_ from game gameentity0_ left outer join review reviews1_ on gameentity0_.id=reviews1_.game_id where gameentity0_.id=?
Hibernate: insert into game (description, developer, genre_id, image_url, release_year, title, trailer_url) values (?, ?, ?, ?, ?, ?, ?)
Creating test game: GameEntity(id=32, title=Action Game, developer=Sample Developer, genre=GenreEntity(id=5, name=Adventure), releaseYear=2022, description=Sample description, imageUrl=sample_image_url, trailerUrl=https://www.youtube.com/embed/g4Hbz2jLxvQ, reviews=null)
Hibernate: select gameentity0_.id as id1_0_1_, gameentity0_.description as descript2_0_1_, gameentity0_.developer as develope3_0_1_, gameentity0_.genre_id as genre_id8_0_1_, gameentity0_.image_url as image_ur4_0_1_, gameentity0_.release_year as release_5_0_1_, gameentity0_.title as title6_0_1_, gameentity0_.trailer_url as trailer_7_0_1_, reviews1_.game_id as game_id5_2_3_, reviews1_.id as id1_2_3_, reviews1_.id as id1_2_0_, reviews1_.content as content2_2_0_, reviews1_.date as date3_2_0_, reviews1_.game_id as game_id5_2_0_, reviews1_.rating as rating4_2_0_, reviews1_.user_id as user_id6_2_0_ from game gameentity0_ left outer join review reviews1_ on gameentity0_.id=reviews1_.game_id where gameentity0_.id=?
Hibernate: insert into game (description, developer, genre_id, image_url, release_year, title, trailer_url) values (?, ?, ?, ?, ?, ?, ?)
Creating test game: GameEntity(id=33, title=Puzzle Game, developer=Sample Developer, genre=GenreEntity(id=5, name=Adventure), releaseYear=2022, description=Sample description, imageUrl=sample_image_url, trailerUrl=https://www.youtube.com/embed/g4Hbz2jLxvQ, reviews=null)
Hibernate: select gameentity0_.id as id1_0_1_, gameentity0_.description as descript2_0_1_, gameentity0_.developer as develope3_0_1_, gameentity0_.genre_id as genre_id8_0_1_, gameentity0_.image_url as image_ur4_0_1_, gameentity0_.release_year as release_5_0_1_, gameentity0_.title as title6_0_1_, gameentity0_.trailer_url as trailer_7_0_1_, reviews1_.game_id as game_id5_2_3_, reviews1_.id as id1_2_3_, reviews1_.id as id1_2_0_, reviews1_.content as content2_2_0_, reviews1_.date as date3_2_0_, reviews1_.game_id as game_id5_2_0_, reviews1_.rating as rating4_2_0_, reviews1_.user_id as user_id6_2_0_ from game gameentity0_ left outer join review reviews1_ on gameentity0_.id=reviews1_.game_id where gameentity0_.id=?
Hibernate: insert into game (description, developer, genre_id, image_url, release_year, title, trailer_url) values (?, ?, ?, ?, ?, ?, ?)
Creating test game: GameEntity(id=34, title=Strategy Game, developer=Sample Developer, genre=GenreEntity(id=5, name=Adventure), releaseYear=2022, description=Sample description, imageUrl=sample_image_url, trailerUrl=https://www.youtube.com/embed/g4Hbz2jLxvQ, reviews=null)
Hibernate: select gameentity0_.id as id1_0_1_, gameentity0_.description as descript2_0_1_, gameentity0_.developer as develope3_0_1_, gameentity0_.genre_id as genre_id8_0_1_, gameentity0_.image_url as image_ur4_0_1_, gameentity0_.release_year as release_5_0_1_, gameentity0_.title as title6_0_1_, gameentity0_.trailer_url as trailer_7_0_1_, reviews1_.game_id as game_id5_2_3_, reviews1_.id as id1_2_3_, reviews1_.id as id1_2_0_, reviews1_.content as content2_2_0_, reviews1_.date as date3_2_0_, reviews1_.game_id as game_id5_2_0_, reviews1_.rating as rating4_2_0_, reviews1_.user_id as user_id6_2_0_ from game gameentity0_ left outer join review reviews1_ on gameentity0_.id=reviews1_.game_id where gameentity0_.id=?
Hibernate: insert into game (description, developer, genre_id, image_url, release_year, title, trailer_url) values (?, ?, ?, ?, ?, ?, ?)
Hibernate: select count(gameentity0_.id) as col_0_0_ from game gameentity0_ where gameentity0_.genre_id=? and (upper(gameentity0_.title) like upper(?) escape ?)
2023-06-18 23:11:05.078  INFO 31024 --- [    Test worker] o.s.t.c.transaction.TransactionContext   : Rolled back transaction for test: [DefaultTestContext@5169db2f testClass = GameRepositoryTests, testInstance = fontys.metarate.persistence.GameRepositoryTests@1a7b97e1, testMethod = testCountByGenreAndTitleContainingIgnoreCase@GameRepositoryTests, testException = [null], mergedContextConfiguration = [MergedContextConfiguration@912a644 testClass = GameRepositoryTests, locations = '{}', classes = '{class fontys.metarate.MetaRateApplication}', contextInitializerClasses = '[]', activeProfiles = '{}', propertySourceLocations = '{}', propertySourceProperties = '{org.springframework.boot.test.autoconfigure.orm.jpa.DataJpaTestContextBootstrapper=true}', contextCustomizers = set[org.springframework.boot.test.autoconfigure.OverrideAutoConfigurationContextCustomizerFactory$DisableAutoConfigurationContextCustomizer@1b6683c4, org.springframework.boot.test.autoconfigure.actuate.metrics.MetricsExportContextCustomizerFactory$DisableMetricExportContextCustomizer@1adf387e, org.springframework.boot.test.autoconfigure.filter.TypeExcludeFiltersContextCustomizer@351584c0, org.springframework.boot.test.autoconfigure.properties.PropertyMappingContextCustomizer@62514381, org.springframework.boot.test.autoconfigure.web.servlet.WebDriverContextCustomizerFactory$Customizer@2245ccaa, [ImportsContextCustomizer@478cc5f1 key = [org.springframework.boot.autoconfigure.cache.CacheAutoConfiguration, org.springframework.boot.autoconfigure.data.jpa.JpaRepositoriesAutoConfiguration, org.springframework.boot.autoconfigure.flyway.FlywayAutoConfiguration, org.springframework.boot.autoconfigure.jdbc.DataSourceAutoConfiguration, org.springframework.boot.autoconfigure.jdbc.DataSourceTransactionManagerAutoConfiguration, org.springframework.boot.autoconfigure.jdbc.JdbcTemplateAutoConfiguration, org.springframework.boot.autoconfigure.liquibase.LiquibaseAutoConfiguration, org.springframework.boot.autoconfigure.orm.jpa.HibernateJpaAutoConfiguration, org.springframework.boot.autoconfigure.sql.init.SqlInitializationAutoConfiguration, org.springframework.boot.autoconfigure.transaction.TransactionAutoConfiguration, org.springframework.boot.test.autoconfigure.jdbc.TestDatabaseAutoConfiguration, org.springframework.boot.test.autoconfigure.orm.jpa.TestEntityManagerAutoConfiguration]], org.springframework.boot.test.context.filter.ExcludeFilterContextCustomizer@1ba3c03d, org.springframework.boot.test.json.DuplicateJsonObjectContextCustomizerFactory$DuplicateJsonObjectContextCustomizer@41cf4272, org.springframework.boot.test.mock.mockito.MockitoContextCustomizer@0, org.springframework.boot.test.context.SpringBootTestArgs@1, org.springframework.boot.test.context.SpringBootTestWebEnvironment@0], contextLoader = 'org.springframework.boot.test.context.SpringBootContextLoader', parent = [null]], attributes = map['org.springframework.test.context.event.ApplicationEventsTestExecutionListener.recordApplicationEvents' -> false]]
]]></system-out>
  <system-err><![CDATA[]]></system-err>
</testsuite>
