<?xml version="1.0" encoding="UTF-8"?>
<testsuite name="fontys.metarate.business.review.CreateReviewUseCaseTest" tests="1" skipped="0" failures="0" errors="0" timestamp="2023-06-18T21:10:47" hostname="DESKTOP-MDH7F45" time="0.031">
  <properties/>
  <testcase name="createReview_shouldCreateReviewAndReturnId()" classname="fontys.metarate.business.review.CreateReviewUseCaseTest" time="0.031"/>
  <system-out><![CDATA[]]></system-out>
  <system-err><![CDATA[]]></system-err>
</testsuite>
