<?xml version="1.0" encoding="UTF-8"?>
<testsuite name="fontys.metarate.business.user.GetUserUseCaseTest" tests="2" skipped="0" failures="0" errors="0" timestamp="2023-06-18T21:10:47" hostname="DESKTOP-MDH7F45" time="0.004">
  <properties/>
  <testcase name="testGetUser_ThrowsUserNotFoundException()" classname="fontys.metarate.business.user.GetUserUseCaseTest" time="0.003"/>
  <testcase name="testGetUser_ExistingUser()" classname="fontys.metarate.business.user.GetUserUseCaseTest" time="0.001"/>
  <system-out><![CDATA[]]></system-out>
  <system-err><![CDATA[]]></system-err>
</testsuite>
