<?xml version="1.0" encoding="UTF-8"?>
<testsuite name="fontys.metarate.business.game.GetAverageGameRatingUseCaseTest" tests="1" skipped="0" failures="0" errors="0" timestamp="2023-06-18T21:10:47" hostname="DESKTOP-MDH7F45" time="0.01">
  <properties/>
  <testcase name="getAverageRatingByGameId_shouldReturnAverageRating()" classname="fontys.metarate.business.game.GetAverageGameRatingUseCaseTest" time="0.01"/>
  <system-out><![CDATA[]]></system-out>
  <system-err><![CDATA[]]></system-err>
</testsuite>
